{"D:\\Desktop\\prueba-opencode\\futbolra\\src\\core\\GameManager.js": {"path":"D:\\Desktop\\prueba-opencode\\futbolra\\src\\core\\GameManager.js","statementMap":{"0":{"start":{"line":1,"column":14},"end":{"line":1,"column":32}},"1":{"start":{"line":2,"column":20},"end":{"line":2,"column":44}},"2":{"start":{"line":6,"column":4},"end":{"line":6,"column":22}},"3":{"start":{"line":7,"column":4},"end":{"line":7,"column":27}},"4":{"start":{"line":8,"column":4},"end":{"line":8,"column":26}},"5":{"start":{"line":9,"column":4},"end":{"line":9,"column":17}},"6":{"start":{"line":10,"column":4},"end":{"line":10,"column":31}},"7":{"start":{"line":11,"column":4},"end":{"line":11,"column":33}},"8":{"start":{"line":12,"column":4},"end":{"line":12,"column":31}},"9":{"start":{"line":16,"column":4},"end":{"line":16,"column":59}},"10":{"start":{"line":16,"column":40},"end":{"line":16,"column":57}},"11":{"start":{"line":17,"column":4},"end":{"line":17,"column":52}},"12":{"start":{"line":18,"column":4},"end":{"line":18,"column":90}},"13":{"start":{"line":19,"column":4},"end":{"line":19,"column":132}},"14":{"start":{"line":20,"column":4},"end":{"line":20,"column":31}},"15":{"start":{"line":22,"column":4},"end":{"line":27,"column":5}},"16":{"start":{"line":23,"column":6},"end":{"line":23,"column":32}},"17":{"start":{"line":24,"column":6},"end":{"line":24,"column":38}},"18":{"start":{"line":25,"column":6},"end":{"line":25,"column":43}},"19":{"start":{"line":26,"column":6},"end":{"line":26,"column":29}},"20":{"start":{"line":31,"column":24},"end":{"line":31,"column":49}},"21":{"start":{"line":32,"column":4},"end":{"line":32,"column":40}},"22":{"start":{"line":33,"column":4},"end":{"line":33,"column":23}},"23":{"start":{"line":37,"column":4},"end":{"line":37,"column":78}},"24":{"start":{"line":37,"column":54},"end":{"line":37,"column":76}},"25":{"start":{"line":41,"column":4},"end":{"line":41,"column":63}},"26":{"start":{"line":41,"column":39},"end":{"line":41,"column":61}},"27":{"start":{"line":45,"column":4},"end":{"line":45,"column":51}},"28":{"start":{"line":45,"column":41},"end":{"line":45,"column":49}},"29":{"start":{"line":49,"column":4},"end":{"line":51,"column":5}},"30":{"start":{"line":50,"column":6},"end":{"line":50,"column":86}},"31":{"start":{"line":53,"column":24},"end":{"line":53,"column":58}},"32":{"start":{"line":54,"column":4},"end":{"line":56,"column":5}},"33":{"start":{"line":55,"column":6},"end":{"line":55,"column":52}},"34":{"start":{"line":58,"column":18},"end":{"line":58,"column":58}},"35":{"start":{"line":58,"column":41},"end":{"line":58,"column":57}},"36":{"start":{"line":59,"column":4},"end":{"line":61,"column":5}},"37":{"start":{"line":60,"column":6},"end":{"line":60,"column":47}},"38":{"start":{"line":63,"column":4},"end":{"line":65,"column":5}},"39":{"start":{"line":64,"column":6},"end":{"line":64,"column":65}},"40":{"start":{"line":67,"column":4},"end":{"line":67,"column":55}},"41":{"start":{"line":68,"column":4},"end":{"line":68,"column":23}},"42":{"start":{"line":72,"column":4},"end":{"line":72,"column":30}},"43":{"start":{"line":76,"column":4},"end":{"line":76,"column":31}},"44":{"start":{"line":80,"column":4},"end":{"line":80,"column":30}},"45":{"start":{"line":84,"column":18},"end":{"line":84,"column":58}},"46":{"start":{"line":84,"column":41},"end":{"line":84,"column":57}},"47":{"start":{"line":85,"column":4},"end":{"line":87,"column":5}},"48":{"start":{"line":86,"column":6},"end":{"line":86,"column":47}},"49":{"start":{"line":89,"column":4},"end":{"line":89,"column":38}},"50":{"start":{"line":90,"column":4},"end":{"line":90,"column":38}},"51":{"start":{"line":91,"column":4},"end":{"line":91,"column":17}},"52":{"start":{"line":95,"column":26},"end":{"line":95,"column":74}},"53":{"start":{"line":95,"column":49},"end":{"line":95,"column":73}},"54":{"start":{"line":96,"column":4},"end":{"line":96,"column":62}},"55":{"start":{"line":96,"column":55},"end":{"line":96,"column":62}},"56":{"start":{"line":98,"column":4},"end":{"line":103,"column":5}},"57":{"start":{"line":99,"column":25},"end":{"line":99,"column":67}},"58":{"start":{"line":100,"column":6},"end":{"line":102,"column":7}},"59":{"start":{"line":101,"column":8},"end":{"line":101,"column":47}},"60":{"start":{"line":107,"column":31},"end":{"line":107,"column":59}},"61":{"start":{"line":108,"column":4},"end":{"line":110,"column":5}},"62":{"start":{"line":109,"column":6},"end":{"line":109,"column":35}},"63":{"start":{"line":111,"column":4},"end":{"line":113,"column":5}},"64":{"start":{"line":112,"column":6},"end":{"line":112,"column":18}},"65":{"start":{"line":114,"column":4},"end":{"line":114,"column":16}},"66":{"start":{"line":118,"column":4},"end":{"line":118,"column":24}},"67":{"start":{"line":122,"column":4},"end":{"line":122,"column":52}},"68":{"start":{"line":122,"column":34},"end":{"line":122,"column":50}},"69":{"start":{"line":126,"column":18},"end":{"line":126,"column":28}},"70":{"start":{"line":127,"column":16},"end":{"line":127,"column":30}},"71":{"start":{"line":130,"column":4},"end":{"line":134,"column":5}},"72":{"start":{"line":131,"column":6},"end":{"line":131,"column":34}},"73":{"start":{"line":133,"column":6},"end":{"line":133,"column":38}},"74":{"start":{"line":136,"column":21},"end":{"line":136,"column":36}},"75":{"start":{"line":137,"column":4},"end":{"line":137,"column":58}},"76":{"start":{"line":138,"column":4},"end":{"line":138,"column":34}},"77":{"start":{"line":140,"column":4},"end":{"line":140,"column":20}},"78":{"start":{"line":144,"column":24},"end":{"line":144,"column":49}},"79":{"start":{"line":145,"column":18},"end":{"line":149,"column":5}},"80":{"start":{"line":151,"column":20},"end":{"line":165,"column":6}},"81":{"start":{"line":152,"column":24},"end":{"line":152,"column":45}},"82":{"start":{"line":153,"column":6},"end":{"line":153,"column":55}},"83":{"start":{"line":155,"column":6},"end":{"line":164,"column":9}},"84":{"start":{"line":167,"column":4},"end":{"line":167,"column":24}},"85":{"start":{"line":168,"column":4},"end":{"line":168,"column":57}},"86":{"start":{"line":168,"column":44},"end":{"line":168,"column":54}},"87":{"start":{"line":169,"column":4},"end":{"line":169,"column":24}},"88":{"start":{"line":173,"column":4},"end":{"line":181,"column":6}},"89":{"start":{"line":174,"column":37},"end":{"line":174,"column":47}},"90":{"start":{"line":175,"column":47},"end":{"line":175,"column":57}},"91":{"start":{"line":185,"column":20},"end":{"line":185,"column":37}},"92":{"start":{"line":186,"column":4},"end":{"line":186,"column":70}},"93":{"start":{"line":186,"column":45},"end":{"line":186,"column":62}},"94":{"start":{"line":187,"column":4},"end":{"line":187,"column":86}},"95":{"start":{"line":187,"column":55},"end":{"line":187,"column":78}},"96":{"start":{"line":188,"column":4},"end":{"line":188,"column":50}},"97":{"start":{"line":189,"column":4},"end":{"line":189,"column":32}},"98":{"start":{"line":190,"column":4},"end":{"line":190,"column":56}},"99":{"start":{"line":191,"column":4},"end":{"line":191,"column":94}},"100":{"start":{"line":192,"column":4},"end":{"line":192,"column":88}},"101":{"start":{"line":193,"column":4},"end":{"line":193,"column":19}},"102":{"start":{"line":197,"column":0},"end":{"line":199,"column":1}},"103":{"start":{"line":198,"column":2},"end":{"line":198,"column":31}}},"fnMap":{"0":{"name":"(anonymous_0)","decl":{"start":{"line":5,"column":2},"end":{"line":5,"column":3}},"loc":{"start":{"line":5,"column":16},"end":{"line":13,"column":3}},"line":5},"1":{"name":"(anonymous_1)","decl":{"start":{"line":15,"column":2},"end":{"line":15,"column":3}},"loc":{"start":{"line":15,"column":33},"end":{"line":28,"column":3}},"line":15},"2":{"name":"(anonymous_2)","decl":{"start":{"line":16,"column":35},"end":{"line":16,"column":36}},"loc":{"start":{"line":16,"column":40},"end":{"line":16,"column":57}},"line":16},"3":{"name":"(anonymous_3)","decl":{"start":{"line":30,"column":2},"end":{"line":30,"column":3}},"loc":{"start":{"line":30,"column":23},"end":{"line":34,"column":3}},"line":30},"4":{"name":"(anonymous_4)","decl":{"start":{"line":36,"column":2},"end":{"line":36,"column":3}},"loc":{"start":{"line":36,"column":35},"end":{"line":38,"column":3}},"line":36},"5":{"name":"(anonymous_5)","decl":{"start":{"line":37,"column":49},"end":{"line":37,"column":50}},"loc":{"start":{"line":37,"column":54},"end":{"line":37,"column":76}},"line":37},"6":{"name":"(anonymous_6)","decl":{"start":{"line":40,"column":2},"end":{"line":40,"column":3}},"loc":{"start":{"line":40,"column":32},"end":{"line":42,"column":3}},"line":40},"7":{"name":"(anonymous_7)","decl":{"start":{"line":41,"column":34},"end":{"line":41,"column":35}},"loc":{"start":{"line":41,"column":39},"end":{"line":41,"column":61}},"line":41},"8":{"name":"(anonymous_8)","decl":{"start":{"line":44,"column":2},"end":{"line":44,"column":3}},"loc":{"start":{"line":44,"column":26},"end":{"line":46,"column":3}},"line":44},"9":{"name":"(anonymous_9)","decl":{"start":{"line":45,"column":36},"end":{"line":45,"column":37}},"loc":{"start":{"line":45,"column":41},"end":{"line":45,"column":49}},"line":45},"10":{"name":"(anonymous_10)","decl":{"start":{"line":48,"column":2},"end":{"line":48,"column":3}},"loc":{"start":{"line":48,"column":57},"end":{"line":69,"column":3}},"line":48},"11":{"name":"(anonymous_11)","decl":{"start":{"line":58,"column":36},"end":{"line":58,"column":37}},"loc":{"start":{"line":58,"column":41},"end":{"line":58,"column":57}},"line":58},"12":{"name":"(anonymous_12)","decl":{"start":{"line":71,"column":2},"end":{"line":71,"column":3}},"loc":{"start":{"line":71,"column":16},"end":{"line":73,"column":3}},"line":71},"13":{"name":"(anonymous_13)","decl":{"start":{"line":75,"column":2},"end":{"line":75,"column":3}},"loc":{"start":{"line":75,"column":18},"end":{"line":77,"column":3}},"line":75},"14":{"name":"(anonymous_14)","decl":{"start":{"line":79,"column":2},"end":{"line":79,"column":3}},"loc":{"start":{"line":79,"column":20},"end":{"line":81,"column":3}},"line":79},"15":{"name":"(anonymous_15)","decl":{"start":{"line":83,"column":2},"end":{"line":83,"column":3}},"loc":{"start":{"line":83,"column":44},"end":{"line":92,"column":3}},"line":83},"16":{"name":"(anonymous_16)","decl":{"start":{"line":84,"column":36},"end":{"line":84,"column":37}},"loc":{"start":{"line":84,"column":41},"end":{"line":84,"column":57}},"line":84},"17":{"name":"(anonymous_17)","decl":{"start":{"line":94,"column":2},"end":{"line":94,"column":3}},"loc":{"start":{"line":94,"column":39},"end":{"line":104,"column":3}},"line":94},"18":{"name":"(anonymous_18)","decl":{"start":{"line":95,"column":44},"end":{"line":95,"column":45}},"loc":{"start":{"line":95,"column":49},"end":{"line":95,"column":73}},"line":95},"19":{"name":"(anonymous_19)","decl":{"start":{"line":106,"column":2},"end":{"line":106,"column":3}},"loc":{"start":{"line":106,"column":16},"end":{"line":115,"column":3}},"line":106},"20":{"name":"(anonymous_20)","decl":{"start":{"line":117,"column":2},"end":{"line":117,"column":3}},"loc":{"start":{"line":117,"column":15},"end":{"line":119,"column":3}},"line":117},"21":{"name":"(anonymous_21)","decl":{"start":{"line":121,"column":2},"end":{"line":121,"column":3}},"loc":{"start":{"line":121,"column":20},"end":{"line":123,"column":3}},"line":121},"22":{"name":"(anonymous_22)","decl":{"start":{"line":122,"column":29},"end":{"line":122,"column":30}},"loc":{"start":{"line":122,"column":34},"end":{"line":122,"column":50}},"line":122},"23":{"name":"(anonymous_23)","decl":{"start":{"line":125,"column":2},"end":{"line":125,"column":3}},"loc":{"start":{"line":125,"column":23},"end":{"line":141,"column":3}},"line":125},"24":{"name":"(anonymous_24)","decl":{"start":{"line":143,"column":2},"end":{"line":143,"column":3}},"loc":{"start":{"line":143,"column":24},"end":{"line":170,"column":3}},"line":143},"25":{"name":"(anonymous_25)","decl":{"start":{"line":151,"column":30},"end":{"line":151,"column":31}},"loc":{"start":{"line":151,"column":47},"end":{"line":165,"column":5}},"line":151},"26":{"name":"(anonymous_26)","decl":{"start":{"line":168,"column":39},"end":{"line":168,"column":40}},"loc":{"start":{"line":168,"column":44},"end":{"line":168,"column":54}},"line":168},"27":{"name":"(anonymous_27)","decl":{"start":{"line":172,"column":2},"end":{"line":172,"column":3}},"loc":{"start":{"line":172,"column":11},"end":{"line":182,"column":3}},"line":172},"28":{"name":"(anonymous_28)","decl":{"start":{"line":174,"column":32},"end":{"line":174,"column":33}},"loc":{"start":{"line":174,"column":37},"end":{"line":174,"column":47}},"line":174},"29":{"name":"(anonymous_29)","decl":{"start":{"line":175,"column":42},"end":{"line":175,"column":43}},"loc":{"start":{"line":175,"column":47},"end":{"line":175,"column":57}},"line":175},"30":{"name":"(anonymous_30)","decl":{"start":{"line":184,"column":2},"end":{"line":184,"column":3}},"loc":{"start":{"line":184,"column":24},"end":{"line":194,"column":3}},"line":184},"31":{"name":"(anonymous_31)","decl":{"start":{"line":186,"column":40},"end":{"line":186,"column":41}},"loc":{"start":{"line":186,"column":45},"end":{"line":186,"column":62}},"line":186},"32":{"name":"(anonymous_32)","decl":{"start":{"line":187,"column":50},"end":{"line":187,"column":51}},"loc":{"start":{"line":187,"column":55},"end":{"line":187,"column":78}},"line":187}},"branchMap":{"0":{"loc":{"start":{"line":17,"column":24},"end":{"line":17,"column":51}},"type":"binary-expr","locations":[{"start":{"line":17,"column":24},"end":{"line":17,"column":46}},{"start":{"line":17,"column":50},"end":{"line":17,"column":51}}],"line":17},"1":{"loc":{"start":{"line":18,"column":28},"end":{"line":18,"column":89}},"type":"cond-expr","locations":[{"start":{"line":18,"column":52},"end":{"line":18,"column":82}},{"start":{"line":18,"column":85},"end":{"line":18,"column":89}}],"line":18},"2":{"loc":{"start":{"line":19,"column":26},"end":{"line":19,"column":131}},"type":"cond-expr","locations":[{"start":{"line":19,"column":72},"end":{"line":19,"column":124}},{"start":{"line":19,"column":127},"end":{"line":19,"column":131}}],"line":19},"3":{"loc":{"start":{"line":49,"column":4},"end":{"line":51,"column":5}},"type":"if","locations":[{"start":{"line":49,"column":4},"end":{"line":51,"column":5}},{"start":{},"end":{}}],"line":49},"4":{"loc":{"start":{"line":54,"column":4},"end":{"line":56,"column":5}},"type":"if","locations":[{"start":{"line":54,"column":4},"end":{"line":56,"column":5}},{"start":{},"end":{}}],"line":54},"5":{"loc":{"start":{"line":59,"column":4},"end":{"line":61,"column":5}},"type":"if","locations":[{"start":{"line":59,"column":4},"end":{"line":61,"column":5}},{"start":{},"end":{}}],"line":59},"6":{"loc":{"start":{"line":63,"column":4},"end":{"line":65,"column":5}},"type":"if","locations":[{"start":{"line":63,"column":4},"end":{"line":65,"column":5}},{"start":{},"end":{}}],"line":63},"7":{"loc":{"start":{"line":63,"column":8},"end":{"line":63,"column":44}},"type":"binary-expr","locations":[{"start":{"line":63,"column":8},"end":{"line":63,"column":22}},{"start":{"line":63,"column":26},"end":{"line":63,"column":44}}],"line":63},"8":{"loc":{"start":{"line":85,"column":4},"end":{"line":87,"column":5}},"type":"if","locations":[{"start":{"line":85,"column":4},"end":{"line":87,"column":5}},{"start":{},"end":{}}],"line":85},"9":{"loc":{"start":{"line":96,"column":4},"end":{"line":96,"column":62}},"type":"if","locations":[{"start":{"line":96,"column":4},"end":{"line":96,"column":62}},{"start":{},"end":{}}],"line":96},"10":{"loc":{"start":{"line":96,"column":8},"end":{"line":96,"column":53}},"type":"binary-expr","locations":[{"start":{"line":96,"column":8},"end":{"line":96,"column":22}},{"start":{"line":96,"column":26},"end":{"line":96,"column":53}}],"line":96},"11":{"loc":{"start":{"line":100,"column":6},"end":{"line":102,"column":7}},"type":"if","locations":[{"start":{"line":100,"column":6},"end":{"line":102,"column":7}},{"start":{},"end":{}}],"line":100},"12":{"loc":{"start":{"line":100,"column":10},"end":{"line":100,"column":113}},"type":"binary-expr","locations":[{"start":{"line":100,"column":10},"end":{"line":100,"column":21}},{"start":{"line":100,"column":25},"end":{"line":100,"column":67}},{"start":{"line":100,"column":71},"end":{"line":100,"column":113}}],"line":100},"13":{"loc":{"start":{"line":108,"column":4},"end":{"line":110,"column":5}},"type":"if","locations":[{"start":{"line":108,"column":4},"end":{"line":110,"column":5}},{"start":{},"end":{}}],"line":108},"14":{"loc":{"start":{"line":111,"column":4},"end":{"line":113,"column":5}},"type":"if","locations":[{"start":{"line":111,"column":4},"end":{"line":113,"column":5}},{"start":{},"end":{}}],"line":111},"15":{"loc":{"start":{"line":130,"column":4},"end":{"line":134,"column":5}},"type":"if","locations":[{"start":{"line":130,"column":4},"end":{"line":134,"column":5}},{"start":{"line":132,"column":11},"end":{"line":134,"column":5}}],"line":130},"16":{"loc":{"start":{"line":157,"column":15},"end":{"line":157,"column":85}},"type":"cond-expr","locations":[{"start":{"line":157,"column":29},"end":{"line":157,"column":41}},{"start":{"line":157,"column":44},"end":{"line":157,"column":85}}],"line":157},"17":{"loc":{"start":{"line":157,"column":44},"end":{"line":157,"column":85}},"type":"cond-expr","locations":[{"start":{"line":157,"column":58},"end":{"line":157,"column":70}},{"start":{"line":157,"column":73},"end":{"line":157,"column":85}}],"line":157},"18":{"loc":{"start":{"line":179,"column":24},"end":{"line":179,"column":68}},"type":"binary-expr","locations":[{"start":{"line":179,"column":24},"end":{"line":179,"column":60}},{"start":{"line":179,"column":64},"end":{"line":179,"column":68}}],"line":179},"19":{"loc":{"start":{"line":180,"column":22},"end":{"line":180,"column":64}},"type":"binary-expr","locations":[{"start":{"line":180,"column":22},"end":{"line":180,"column":56}},{"start":{"line":180,"column":60},"end":{"line":180,"column":64}}],"line":180},"20":{"loc":{"start":{"line":186,"column":22},"end":{"line":186,"column":69}},"type":"binary-expr","locations":[{"start":{"line":186,"column":22},"end":{"line":186,"column":63}},{"start":{"line":186,"column":67},"end":{"line":186,"column":69}}],"line":186},"21":{"loc":{"start":{"line":187,"column":27},"end":{"line":187,"column":85}},"type":"binary-expr","locations":[{"start":{"line":187,"column":27},"end":{"line":187,"column":79}},{"start":{"line":187,"column":83},"end":{"line":187,"column":85}}],"line":187},"22":{"loc":{"start":{"line":188,"column":27},"end":{"line":188,"column":49}},"type":"binary-expr","locations":[{"start":{"line":188,"column":27},"end":{"line":188,"column":44}},{"start":{"line":188,"column":48},"end":{"line":188,"column":49}}],"line":188},"23":{"loc":{"start":{"line":189,"column":18},"end":{"line":189,"column":31}},"type":"binary-expr","locations":[{"start":{"line":189,"column":18},"end":{"line":189,"column":26}},{"start":{"line":189,"column":30},"end":{"line":189,"column":31}}],"line":189},"24":{"loc":{"start":{"line":190,"column":28},"end":{"line":190,"column":55}},"type":"binary-expr","locations":[{"start":{"line":190,"column":28},"end":{"line":190,"column":46}},{"start":{"line":190,"column":50},"end":{"line":190,"column":55}}],"line":190},"25":{"loc":{"start":{"line":191,"column":31},"end":{"line":191,"column":93}},"type":"cond-expr","locations":[{"start":{"line":191,"column":55},"end":{"line":191,"column":86}},{"start":{"line":191,"column":89},"end":{"line":191,"column":93}}],"line":191},"26":{"loc":{"start":{"line":192,"column":29},"end":{"line":192,"column":87}},"type":"cond-expr","locations":[{"start":{"line":192,"column":51},"end":{"line":192,"column":80}},{"start":{"line":192,"column":83},"end":{"line":192,"column":87}}],"line":192},"27":{"loc":{"start":{"line":197,"column":0},"end":{"line":199,"column":1}},"type":"if","locations":[{"start":{"line":197,"column":0},"end":{"line":199,"column":1}},{"start":{},"end":{}}],"line":197},"28":{"loc":{"start":{"line":197,"column":4},"end":{"line":197,"column":51}},"type":"binary-expr","locations":[{"start":{"line":197,"column":4},"end":{"line":197,"column":33}},{"start":{"line":197,"column":37},"end":{"line":197,"column":51}}],"line":197}},"s":{"0":2,"1":2,"2":51,"3":51,"4":51,"5":51,"6":51,"7":51,"8":51,"9":32,"10":84,"11":32,"12":32,"13":32,"14":32,"15":32,"16":2,"17":2,"18":2,"19":2,"20":29,"21":29,"22":29,"23":1,"24":2,"25":7,"26":5,"27":8,"28":14,"29":6,"30":1,"31":5,"32":5,"33":1,"34":4,"35":6,"36":4,"37":1,"38":3,"39":2,"40":1,"41":1,"42":6,"43":1,"44":7,"45":4,"46":4,"47":4,"48":0,"49":4,"50":4,"51":4,"52":4,"53":4,"54":4,"55":0,"56":4,"57":5,"58":5,"59":3,"60":3,"61":3,"62":1,"63":2,"64":1,"65":1,"66":7,"67":2,"68":2,"69":8,"70":8,"71":8,"72":0,"73":8,"74":8,"75":8,"76":8,"77":8,"78":8,"79":8,"80":8,"81":24,"82":24,"83":24,"84":8,"85":8,"86":24,"87":8,"88":1,"89":3,"90":2,"91":1,"92":1,"93":3,"94":1,"95":2,"96":1,"97":1,"98":1,"99":1,"100":1,"101":1,"102":2,"103":2},"f":{"0":51,"1":32,"2":84,"3":29,"4":1,"5":2,"6":7,"7":5,"8":8,"9":14,"10":6,"11":6,"12":6,"13":1,"14":7,"15":4,"16":4,"17":4,"18":4,"19":3,"20":7,"21":2,"22":2,"23":8,"24":8,"25":24,"26":24,"27":1,"28":3,"29":2,"30":1,"31":3,"32":2},"b":{"0":[32,7],"1":[32,0],"2":[32,0],"3":[1,5],"4":[1,4],"5":[1,3],"6":[2,1],"7":[3,2],"8":[0,4],"9":[0,4],"10":[4,4],"11":[3,2],"12":[5,4,2],"13":[1,2],"14":[1,1],"15":[0,8],"16":[8,16],"17":[8,8],"18":[1,0],"19":[1,0],"20":[1,0],"21":[1,0],"22":[1,0],"23":[1,0],"24":[1,0],"25":[1,0],"26":[1,0],"27":[2,0],"28":[2,2]},"_coverageSchema":"1a1c01bbd47fc00a2c39e90264f33305004495a9","hash":"8f74080cba2bb5c6d66622ee69911c5a5f2b4e39"}
,"D:\\Desktop\\prueba-opencode\\futbolra\\src\\core\\Match.js": {"path":"D:\\Desktop\\prueba-opencode\\futbolra\\src\\core\\Match.js","statementMap":{"0":{"start":{"line":3,"column":4},"end":{"line":3,"column":45}},"1":{"start":{"line":4,"column":4},"end":{"line":4,"column":34}},"2":{"start":{"line":5,"column":4},"end":{"line":5,"column":34}},"3":{"start":{"line":6,"column":4},"end":{"line":6,"column":42}},"4":{"start":{"line":7,"column":4},"end":{"line":7,"column":42}},"5":{"start":{"line":8,"column":4},"end":{"line":8,"column":55}},"6":{"start":{"line":9,"column":4},"end":{"line":9,"column":32}},"7":{"start":{"line":10,"column":4},"end":{"line":10,"column":38}},"8":{"start":{"line":11,"column":4},"end":{"line":11,"column":38}},"9":{"start":{"line":12,"column":4},"end":{"line":12,"column":45}},"10":{"start":{"line":13,"column":4},"end":{"line":13,"column":36}},"11":{"start":{"line":14,"column":4},"end":{"line":14,"column":33}},"12":{"start":{"line":15,"column":4},"end":{"line":15,"column":51}},"13":{"start":{"line":19,"column":4},"end":{"line":19,"column":33}},"14":{"start":{"line":19,"column":20},"end":{"line":19,"column":33}},"15":{"start":{"line":20,"column":16},"end":{"line":20,"column":34}},"16":{"start":{"line":21,"column":4},"end":{"line":21,"column":47}},"17":{"start":{"line":25,"column":4},"end":{"line":25,"column":34}},"18":{"start":{"line":29,"column":4},"end":{"line":29,"column":38}},"19":{"start":{"line":33,"column":4},"end":{"line":33,"column":66}},"20":{"start":{"line":33,"column":54},"end":{"line":33,"column":66}},"21":{"start":{"line":34,"column":4},"end":{"line":34,"column":43}},"22":{"start":{"line":38,"column":4},"end":{"line":38,"column":66}},"23":{"start":{"line":38,"column":54},"end":{"line":38,"column":66}},"24":{"start":{"line":39,"column":4},"end":{"line":39,"column":53}},"25":{"start":{"line":39,"column":35},"end":{"line":39,"column":53}},"26":{"start":{"line":40,"column":4},"end":{"line":40,"column":53}},"27":{"start":{"line":40,"column":35},"end":{"line":40,"column":53}},"28":{"start":{"line":41,"column":4},"end":{"line":41,"column":18}},"29":{"start":{"line":45,"column":4},"end":{"line":45,"column":25}},"30":{"start":{"line":46,"column":4},"end":{"line":46,"column":25}},"31":{"start":{"line":47,"column":4},"end":{"line":47,"column":29}},"32":{"start":{"line":51,"column":4},"end":{"line":55,"column":7}},"33":{"start":{"line":59,"column":4},"end":{"line":73,"column":6}},"34":{"start":{"line":77,"column":4},"end":{"line":77,"column":27}},"35":{"start":{"line":81,"column":0},"end":{"line":83,"column":1}},"36":{"start":{"line":82,"column":2},"end":{"line":82,"column":25}}},"fnMap":{"0":{"name":"(anonymous_0)","decl":{"start":{"line":2,"column":2},"end":{"line":2,"column":3}},"loc":{"start":{"line":2,"column":25},"end":{"line":16,"column":3}},"line":2},"1":{"name":"(anonymous_1)","decl":{"start":{"line":18,"column":2},"end":{"line":18,"column":3}},"loc":{"start":{"line":18,"column":14},"end":{"line":22,"column":3}},"line":18},"2":{"name":"(anonymous_2)","decl":{"start":{"line":24,"column":2},"end":{"line":24,"column":3}},"loc":{"start":{"line":24,"column":11},"end":{"line":26,"column":3}},"line":24},"3":{"name":"(anonymous_3)","decl":{"start":{"line":28,"column":2},"end":{"line":28,"column":3}},"loc":{"start":{"line":28,"column":15},"end":{"line":30,"column":3}},"line":28},"4":{"name":"(anonymous_4)","decl":{"start":{"line":32,"column":2},"end":{"line":32,"column":3}},"loc":{"start":{"line":32,"column":13},"end":{"line":35,"column":3}},"line":32},"5":{"name":"(anonymous_5)","decl":{"start":{"line":37,"column":2},"end":{"line":37,"column":3}},"loc":{"start":{"line":37,"column":14},"end":{"line":42,"column":3}},"line":37},"6":{"name":"(anonymous_6)","decl":{"start":{"line":44,"column":2},"end":{"line":44,"column":3}},"loc":{"start":{"line":44,"column":30},"end":{"line":48,"column":3}},"line":44},"7":{"name":"(anonymous_7)","decl":{"start":{"line":50,"column":2},"end":{"line":50,"column":3}},"loc":{"start":{"line":50,"column":18},"end":{"line":56,"column":3}},"line":50},"8":{"name":"(anonymous_8)","decl":{"start":{"line":58,"column":2},"end":{"line":58,"column":3}},"loc":{"start":{"line":58,"column":11},"end":{"line":74,"column":3}},"line":58},"9":{"name":"(anonymous_9)","decl":{"start":{"line":76,"column":2},"end":{"line":76,"column":3}},"loc":{"start":{"line":76,"column":24},"end":{"line":78,"column":3}},"line":76}},"branchMap":{"0":{"loc":{"start":{"line":2,"column":14},"end":{"line":2,"column":23}},"type":"default-arg","locations":[{"start":{"line":2,"column":21},"end":{"line":2,"column":23}}],"line":2},"1":{"loc":{"start":{"line":3,"column":14},"end":{"line":3,"column":44}},"type":"binary-expr","locations":[{"start":{"line":3,"column":14},"end":{"line":3,"column":21}},{"start":{"line":3,"column":25},"end":{"line":3,"column":44}}],"line":3},"2":{"loc":{"start":{"line":4,"column":17},"end":{"line":4,"column":33}},"type":"binary-expr","locations":[{"start":{"line":4,"column":17},"end":{"line":4,"column":27}},{"start":{"line":4,"column":31},"end":{"line":4,"column":33}}],"line":4},"3":{"loc":{"start":{"line":5,"column":17},"end":{"line":5,"column":33}},"type":"binary-expr","locations":[{"start":{"line":5,"column":17},"end":{"line":5,"column":27}},{"start":{"line":5,"column":31},"end":{"line":5,"column":33}}],"line":5},"4":{"loc":{"start":{"line":6,"column":21},"end":{"line":6,"column":41}},"type":"binary-expr","locations":[{"start":{"line":6,"column":21},"end":{"line":6,"column":35}},{"start":{"line":6,"column":39},"end":{"line":6,"column":41}}],"line":6},"5":{"loc":{"start":{"line":7,"column":21},"end":{"line":7,"column":41}},"type":"binary-expr","locations":[{"start":{"line":7,"column":21},"end":{"line":7,"column":35}},{"start":{"line":7,"column":39},"end":{"line":7,"column":41}}],"line":7},"6":{"loc":{"start":{"line":8,"column":16},"end":{"line":8,"column":54}},"type":"cond-expr","locations":[{"start":{"line":8,"column":28},"end":{"line":8,"column":47}},{"start":{"line":8,"column":50},"end":{"line":8,"column":54}}],"line":8},"7":{"loc":{"start":{"line":9,"column":16},"end":{"line":9,"column":31}},"type":"binary-expr","locations":[{"start":{"line":9,"column":16},"end":{"line":9,"column":25}},{"start":{"line":9,"column":29},"end":{"line":9,"column":31}}],"line":9},"8":{"loc":{"start":{"line":10,"column":18},"end":{"line":10,"column":37}},"type":"binary-expr","locations":[{"start":{"line":10,"column":18},"end":{"line":10,"column":29}},{"start":{"line":10,"column":33},"end":{"line":10,"column":37}}],"line":10},"9":{"loc":{"start":{"line":11,"column":18},"end":{"line":11,"column":37}},"type":"binary-expr","locations":[{"start":{"line":11,"column":18},"end":{"line":11,"column":29}},{"start":{"line":11,"column":33},"end":{"line":11,"column":37}}],"line":11},"10":{"loc":{"start":{"line":12,"column":18},"end":{"line":12,"column":44}},"type":"binary-expr","locations":[{"start":{"line":12,"column":18},"end":{"line":12,"column":29}},{"start":{"line":12,"column":33},"end":{"line":12,"column":44}}],"line":12},"11":{"loc":{"start":{"line":13,"column":18},"end":{"line":13,"column":35}},"type":"binary-expr","locations":[{"start":{"line":13,"column":18},"end":{"line":13,"column":29}},{"start":{"line":13,"column":33},"end":{"line":13,"column":35}}],"line":13},"12":{"loc":{"start":{"line":14,"column":17},"end":{"line":14,"column":32}},"type":"binary-expr","locations":[{"start":{"line":14,"column":17},"end":{"line":14,"column":27}},{"start":{"line":14,"column":31},"end":{"line":14,"column":32}}],"line":14},"13":{"loc":{"start":{"line":15,"column":24},"end":{"line":15,"column":50}},"type":"binary-expr","locations":[{"start":{"line":15,"column":24},"end":{"line":15,"column":41}},{"start":{"line":15,"column":45},"end":{"line":15,"column":50}}],"line":15},"14":{"loc":{"start":{"line":19,"column":4},"end":{"line":19,"column":33}},"type":"if","locations":[{"start":{"line":19,"column":4},"end":{"line":19,"column":33}},{"start":{},"end":{}}],"line":19},"15":{"loc":{"start":{"line":21,"column":11},"end":{"line":21,"column":46}},"type":"binary-expr","locations":[{"start":{"line":21,"column":11},"end":{"line":21,"column":20}},{"start":{"line":21,"column":24},"end":{"line":21,"column":33}},{"start":{"line":21,"column":37},"end":{"line":21,"column":46}}],"line":21},"16":{"loc":{"start":{"line":33,"column":4},"end":{"line":33,"column":66}},"type":"if","locations":[{"start":{"line":33,"column":4},"end":{"line":33,"column":66}},{"start":{},"end":{}}],"line":33},"17":{"loc":{"start":{"line":33,"column":8},"end":{"line":33,"column":52}},"type":"binary-expr","locations":[{"start":{"line":33,"column":8},"end":{"line":33,"column":28}},{"start":{"line":33,"column":32},"end":{"line":33,"column":52}}],"line":33},"18":{"loc":{"start":{"line":38,"column":4},"end":{"line":38,"column":66}},"type":"if","locations":[{"start":{"line":38,"column":4},"end":{"line":38,"column":66}},{"start":{},"end":{}}],"line":38},"19":{"loc":{"start":{"line":38,"column":8},"end":{"line":38,"column":52}},"type":"binary-expr","locations":[{"start":{"line":38,"column":8},"end":{"line":38,"column":28}},{"start":{"line":38,"column":32},"end":{"line":38,"column":52}}],"line":38},"20":{"loc":{"start":{"line":39,"column":4},"end":{"line":39,"column":53}},"type":"if","locations":[{"start":{"line":39,"column":4},"end":{"line":39,"column":53}},{"start":{},"end":{}}],"line":39},"21":{"loc":{"start":{"line":40,"column":4},"end":{"line":40,"column":53}},"type":"if","locations":[{"start":{"line":40,"column":4},"end":{"line":40,"column":53}},{"start":{},"end":{}}],"line":40},"22":{"loc":{"start":{"line":65,"column":12},"end":{"line":65,"column":44}},"type":"binary-expr","locations":[{"start":{"line":65,"column":12},"end":{"line":65,"column":36}},{"start":{"line":65,"column":40},"end":{"line":65,"column":44}}],"line":65},"23":{"loc":{"start":{"line":81,"column":0},"end":{"line":83,"column":1}},"type":"if","locations":[{"start":{"line":81,"column":0},"end":{"line":83,"column":1}},{"start":{},"end":{}}],"line":81},"24":{"loc":{"start":{"line":81,"column":4},"end":{"line":81,"column":51}},"type":"binary-expr","locations":[{"start":{"line":81,"column":4},"end":{"line":81,"column":33}},{"start":{"line":81,"column":37},"end":{"line":81,"column":51}}],"line":81}},"s":{"0":208,"1":208,"2":208,"3":208,"4":208,"5":208,"6":208,"7":208,"8":208,"9":208,"10":208,"11":208,"12":208,"13":16,"14":1,"15":15,"16":15,"17":6,"18":17,"19":2,"20":1,"21":1,"22":4,"23":1,"24":3,"25":1,"26":2,"27":1,"28":1,"29":5,"30":5,"31":5,"32":2,"33":28,"34":88,"35":4,"36":4},"f":{"0":208,"1":16,"2":6,"3":17,"4":2,"5":4,"6":5,"7":2,"8":28,"9":88},"b":{"0":[0],"1":[208,59],"2":[208,23],"3":[208,23],"4":[208,83],"5":[208,83],"6":[145,63],"7":[208,83],"8":[208,147],"9":[208,147],"10":[208,119],"11":[208,180],"12":[208,83],"13":[208,69],"14":[1,15],"15":[15,11,6],"16":[1,1],"17":[2,1],"18":[1,3],"19":[4,3],"20":[1,2],"21":[1,1],"22":[28,0],"23":[4,0],"24":[4,4]},"_coverageSchema":"1a1c01bbd47fc00a2c39e90264f33305004495a9","hash":"b1074278c8e613034cff84af879e4eb17571ce9f"}
,"D:\\Desktop\\prueba-opencode\\futbolra\\src\\core\\Participant.js": {"path":"D:\\Desktop\\prueba-opencode\\futbolra\\src\\core\\Participant.js","statementMap":{"0":{"start":{"line":3,"column":4},"end":{"line":3,"column":45}},"1":{"start":{"line":4,"column":4},"end":{"line":4,"column":32}},"2":{"start":{"line":5,"column":4},"end":{"line":5,"column":46}},"3":{"start":{"line":6,"column":4},"end":{"line":6,"column":40}},"4":{"start":{"line":7,"column":4},"end":{"line":7,"column":50}},"5":{"start":{"line":8,"column":4},"end":{"line":8,"column":60}},"6":{"start":{"line":9,"column":4},"end":{"line":9,"column":35}},"7":{"start":{"line":13,"column":4},"end":{"line":13,"column":51}},"8":{"start":{"line":17,"column":4},"end":{"line":17,"column":45}},"9":{"start":{"line":21,"column":4},"end":{"line":21,"column":39}},"10":{"start":{"line":25,"column":4},"end":{"line":25,"column":24}},"11":{"start":{"line":26,"column":4},"end":{"line":26,"column":49}},"12":{"start":{"line":27,"column":4},"end":{"line":27,"column":37}},"13":{"start":{"line":31,"column":4},"end":{"line":31,"column":23}},"14":{"start":{"line":35,"column":17},"end":{"line":35,"column":18}},"15":{"start":{"line":36,"column":4},"end":{"line":49,"column":5}},"16":{"start":{"line":37,"column":25},"end":{"line":37,"column":51}},"17":{"start":{"line":38,"column":6},"end":{"line":48,"column":7}},"18":{"start":{"line":39,"column":8},"end":{"line":47,"column":9}},"19":{"start":{"line":40,"column":10},"end":{"line":40,"column":22}},"20":{"start":{"line":41,"column":15},"end":{"line":47,"column":9}},"21":{"start":{"line":46,"column":10},"end":{"line":46,"column":22}},"22":{"start":{"line":50,"column":4},"end":{"line":50,"column":25}},"23":{"start":{"line":51,"column":4},"end":{"line":51,"column":18}},"24":{"start":{"line":55,"column":4},"end":{"line":63,"column":6}},"25":{"start":{"line":67,"column":4},"end":{"line":67,"column":33}},"26":{"start":{"line":71,"column":0},"end":{"line":73,"column":1}},"27":{"start":{"line":72,"column":2},"end":{"line":72,"column":31}}},"fnMap":{"0":{"name":"(anonymous_0)","decl":{"start":{"line":2,"column":2},"end":{"line":2,"column":3}},"loc":{"start":{"line":2,"column":25},"end":{"line":10,"column":3}},"line":2},"1":{"name":"(anonymous_1)","decl":{"start":{"line":12,"column":2},"end":{"line":12,"column":3}},"loc":{"start":{"line":12,"column":41},"end":{"line":14,"column":3}},"line":12},"2":{"name":"(anonymous_2)","decl":{"start":{"line":16,"column":2},"end":{"line":16,"column":3}},"loc":{"start":{"line":16,"column":25},"end":{"line":18,"column":3}},"line":16},"3":{"name":"(anonymous_3)","decl":{"start":{"line":20,"column":2},"end":{"line":20,"column":3}},"loc":{"start":{"line":20,"column":25},"end":{"line":22,"column":3}},"line":20},"4":{"name":"(anonymous_4)","decl":{"start":{"line":24,"column":2},"end":{"line":24,"column":3}},"loc":{"start":{"line":24,"column":21},"end":{"line":28,"column":3}},"line":24},"5":{"name":"(anonymous_5)","decl":{"start":{"line":30,"column":2},"end":{"line":30,"column":3}},"loc":{"start":{"line":30,"column":13},"end":{"line":32,"column":3}},"line":30},"6":{"name":"(anonymous_6)","decl":{"start":{"line":34,"column":2},"end":{"line":34,"column":3}},"loc":{"start":{"line":34,"column":27},"end":{"line":52,"column":3}},"line":34},"7":{"name":"(anonymous_7)","decl":{"start":{"line":54,"column":2},"end":{"line":54,"column":3}},"loc":{"start":{"line":54,"column":11},"end":{"line":64,"column":3}},"line":54},"8":{"name":"(anonymous_8)","decl":{"start":{"line":66,"column":2},"end":{"line":66,"column":3}},"loc":{"start":{"line":66,"column":24},"end":{"line":68,"column":3}},"line":66}},"branchMap":{"0":{"loc":{"start":{"line":2,"column":14},"end":{"line":2,"column":23}},"type":"default-arg","locations":[{"start":{"line":2,"column":21},"end":{"line":2,"column":23}}],"line":2},"1":{"loc":{"start":{"line":3,"column":14},"end":{"line":3,"column":44}},"type":"binary-expr","locations":[{"start":{"line":3,"column":14},"end":{"line":3,"column":21}},{"start":{"line":3,"column":25},"end":{"line":3,"column":44}}],"line":3},"2":{"loc":{"start":{"line":4,"column":16},"end":{"line":4,"column":31}},"type":"binary-expr","locations":[{"start":{"line":4,"column":16},"end":{"line":4,"column":25}},{"start":{"line":4,"column":29},"end":{"line":4,"column":31}}],"line":4},"3":{"loc":{"start":{"line":5,"column":23},"end":{"line":5,"column":45}},"type":"binary-expr","locations":[{"start":{"line":5,"column":23},"end":{"line":5,"column":39}},{"start":{"line":5,"column":43},"end":{"line":5,"column":45}}],"line":5},"4":{"loc":{"start":{"line":7,"column":24},"end":{"line":7,"column":49}},"type":"binary-expr","locations":[{"start":{"line":7,"column":24},"end":{"line":7,"column":41}},{"start":{"line":7,"column":45},"end":{"line":7,"column":49}}],"line":7},"5":{"loc":{"start":{"line":8,"column":29},"end":{"line":8,"column":59}},"type":"binary-expr","locations":[{"start":{"line":8,"column":29},"end":{"line":8,"column":51}},{"start":{"line":8,"column":55},"end":{"line":8,"column":59}}],"line":8},"6":{"loc":{"start":{"line":9,"column":18},"end":{"line":9,"column":34}},"type":"binary-expr","locations":[{"start":{"line":9,"column":18},"end":{"line":9,"column":29}},{"start":{"line":9,"column":33},"end":{"line":9,"column":34}}],"line":9},"7":{"loc":{"start":{"line":17,"column":11},"end":{"line":17,"column":44}},"type":"binary-expr","locations":[{"start":{"line":17,"column":11},"end":{"line":17,"column":36}},{"start":{"line":17,"column":40},"end":{"line":17,"column":44}}],"line":17},"8":{"loc":{"start":{"line":38,"column":6},"end":{"line":48,"column":7}},"type":"if","locations":[{"start":{"line":38,"column":6},"end":{"line":48,"column":7}},{"start":{},"end":{}}],"line":38},"9":{"loc":{"start":{"line":38,"column":10},"end":{"line":38,"column":42}},"type":"binary-expr","locations":[{"start":{"line":38,"column":10},"end":{"line":38,"column":20}},{"start":{"line":38,"column":24},"end":{"line":38,"column":42}}],"line":38},"10":{"loc":{"start":{"line":39,"column":8},"end":{"line":47,"column":9}},"type":"if","locations":[{"start":{"line":39,"column":8},"end":{"line":47,"column":9}},{"start":{"line":41,"column":15},"end":{"line":47,"column":9}}],"line":39},"11":{"loc":{"start":{"line":39,"column":12},"end":{"line":39,"column":84}},"type":"binary-expr","locations":[{"start":{"line":39,"column":12},"end":{"line":39,"column":46}},{"start":{"line":39,"column":50},"end":{"line":39,"column":84}}],"line":39},"12":{"loc":{"start":{"line":41,"column":15},"end":{"line":47,"column":9}},"type":"if","locations":[{"start":{"line":41,"column":15},"end":{"line":47,"column":9}},{"start":{},"end":{}}],"line":41},"13":{"loc":{"start":{"line":42,"column":10},"end":{"line":44,"column":84}},"type":"binary-expr","locations":[{"start":{"line":42,"column":11},"end":{"line":42,"column":48}},{"start":{"line":42,"column":52},"end":{"line":42,"column":79}},{"start":{"line":43,"column":11},"end":{"line":43,"column":48}},{"start":{"line":43,"column":52},"end":{"line":43,"column":79}},{"start":{"line":44,"column":11},"end":{"line":44,"column":50}},{"start":{"line":44,"column":54},"end":{"line":44,"column":83}}],"line":42},"14":{"loc":{"start":{"line":71,"column":0},"end":{"line":73,"column":1}},"type":"if","locations":[{"start":{"line":71,"column":0},"end":{"line":73,"column":1}},{"start":{},"end":{}}],"line":71},"15":{"loc":{"start":{"line":71,"column":4},"end":{"line":71,"column":51}},"type":"binary-expr","locations":[{"start":{"line":71,"column":4},"end":{"line":71,"column":33}},{"start":{"line":71,"column":37},"end":{"line":71,"column":51}}],"line":71}},"s":{"0":53,"1":53,"2":53,"3":53,"4":53,"5":53,"6":53,"7":21,"8":7,"9":2,"10":12,"11":12,"12":12,"13":2,"14":8,"15":8,"16":22,"17":22,"18":8,"19":4,"20":4,"21":2,"22":8,"23":8,"24":3,"25":3,"26":3,"27":3},"f":{"0":53,"1":21,"2":7,"3":2,"4":12,"5":2,"6":8,"7":3,"8":3},"b":{"0":[0],"1":[53,50],"2":[53,0],"3":[53,50],"4":[53,52],"5":[53,52],"6":[53,52],"7":[7,2],"8":[8,14],"9":[22,9],"10":[4,4],"11":[8,4],"12":[2,2],"13":[4,2,3,1,3,1],"14":[3,0],"15":[3,3]},"_coverageSchema":"1a1c01bbd47fc00a2c39e90264f33305004495a9","hash":"33fb6e5f686fba750be6b3fdcfdc36b3e461a631"}
,"D:\\Desktop\\prueba-opencode\\futbolra\\src\\services\\ScheduleService.js": {"path":"D:\\Desktop\\prueba-opencode\\futbolra\\src\\services\\ScheduleService.js","statementMap":{"0":{"start":{"line":3,"column":4},"end":{"line":3,"column":30}},"1":{"start":{"line":4,"column":4},"end":{"line":4,"column":28}},"2":{"start":{"line":8,"column":4},"end":{"line":8,"column":35}},"3":{"start":{"line":12,"column":4},"end":{"line":14,"column":5}},"4":{"start":{"line":13,"column":6},"end":{"line":13,"column":40}},"5":{"start":{"line":16,"column":4},"end":{"line":18,"column":23}},"6":{"start":{"line":17,"column":6},"end":{"line":17,"column":34}},"7":{"start":{"line":20,"column":4},"end":{"line":20,"column":32}},"8":{"start":{"line":24,"column":4},"end":{"line":27,"column":5}},"9":{"start":{"line":25,"column":6},"end":{"line":25,"column":40}},"10":{"start":{"line":26,"column":6},"end":{"line":26,"column":32}},"11":{"start":{"line":31,"column":16},"end":{"line":31,"column":26}},"12":{"start":{"line":32,"column":16},"end":{"line":32,"column":28}},"13":{"start":{"line":33,"column":17},"end":{"line":33,"column":31}},"14":{"start":{"line":35,"column":4},"end":{"line":37,"column":5}},"15":{"start":{"line":36,"column":6},"end":{"line":36,"column":26}},"16":{"start":{"line":41,"column":4},"end":{"line":44,"column":5}},"17":{"start":{"line":42,"column":6},"end":{"line":42,"column":61}},"18":{"start":{"line":43,"column":6},"end":{"line":43,"column":13}},"19":{"start":{"line":46,"column":4},"end":{"line":46,"column":56}},"20":{"start":{"line":47,"column":4},"end":{"line":47,"column":43}},"21":{"start":{"line":48,"column":4},"end":{"line":48,"column":37}},"22":{"start":{"line":50,"column":4},"end":{"line":50,"column":41}},"23":{"start":{"line":54,"column":4},"end":{"line":54,"column":37}},"24":{"start":{"line":54,"column":27},"end":{"line":54,"column":37}},"25":{"start":{"line":55,"column":4},"end":{"line":55,"column":41}},"26":{"start":{"line":59,"column":4},"end":{"line":59,"column":40}},"27":{"start":{"line":59,"column":27},"end":{"line":59,"column":40}},"28":{"start":{"line":61,"column":20},"end":{"line":61,"column":49}},"29":{"start":{"line":62,"column":4},"end":{"line":62,"column":43}},"30":{"start":{"line":62,"column":30},"end":{"line":62,"column":43}},"31":{"start":{"line":64,"column":16},"end":{"line":64,"column":26}},"32":{"start":{"line":65,"column":23},"end":{"line":65,"column":33}},"33":{"start":{"line":66,"column":22},"end":{"line":66,"column":49}},"34":{"start":{"line":68,"column":4},"end":{"line":68,"column":58}},"35":{"start":{"line":68,"column":45},"end":{"line":68,"column":58}},"36":{"start":{"line":70,"column":4},"end":{"line":70,"column":79}},"37":{"start":{"line":74,"column":4},"end":{"line":74,"column":40}},"38":{"start":{"line":74,"column":27},"end":{"line":74,"column":40}},"39":{"start":{"line":75,"column":4},"end":{"line":75,"column":74}},"40":{"start":{"line":79,"column":4},"end":{"line":79,"column":44}},"41":{"start":{"line":79,"column":27},"end":{"line":79,"column":44}},"42":{"start":{"line":81,"column":20},"end":{"line":81,"column":49}},"43":{"start":{"line":82,"column":4},"end":{"line":82,"column":45}},"44":{"start":{"line":82,"column":30},"end":{"line":82,"column":45}},"45":{"start":{"line":84,"column":16},"end":{"line":84,"column":26}},"46":{"start":{"line":85,"column":23},"end":{"line":85,"column":33}},"47":{"start":{"line":86,"column":22},"end":{"line":86,"column":49}},"48":{"start":{"line":88,"column":4},"end":{"line":88,"column":44}},"49":{"start":{"line":88,"column":26},"end":{"line":88,"column":44}},"50":{"start":{"line":90,"column":4},"end":{"line":92,"column":5}},"51":{"start":{"line":91,"column":6},"end":{"line":91,"column":68}},"52":{"start":{"line":94,"column":4},"end":{"line":96,"column":5}},"53":{"start":{"line":95,"column":6},"end":{"line":95,"column":24}},"54":{"start":{"line":98,"column":4},"end":{"line":98,"column":18}},"55":{"start":{"line":102,"column":16},"end":{"line":102,"column":26}},"56":{"start":{"line":103,"column":16},"end":{"line":103,"column":28}},"57":{"start":{"line":104,"column":17},"end":{"line":104,"column":31}},"58":{"start":{"line":107,"column":4},"end":{"line":116,"column":5}},"59":{"start":{"line":109,"column":6},"end":{"line":109,"column":27}},"60":{"start":{"line":110,"column":11},"end":{"line":116,"column":5}},"61":{"start":{"line":112,"column":6},"end":{"line":112,"column":33}},"62":{"start":{"line":115,"column":6},"end":{"line":115,"column":33}},"63":{"start":{"line":118,"column":24},"end":{"line":118,"column":37}},"64":{"start":{"line":119,"column":4},"end":{"line":119,"column":58}},"65":{"start":{"line":120,"column":4},"end":{"line":120,"column":37}},"66":{"start":{"line":122,"column":4},"end":{"line":122,"column":23}},"67":{"start":{"line":126,"column":22},"end":{"line":126,"column":45}},"68":{"start":{"line":127,"column":16},"end":{"line":127,"column":26}},"69":{"start":{"line":128,"column":4},"end":{"line":128,"column":27}},"70":{"start":{"line":132,"column":15},"end":{"line":132,"column":43}},"71":{"start":{"line":133,"column":4},"end":{"line":133,"column":32}},"72":{"start":{"line":133,"column":17},"end":{"line":133,"column":32}},"73":{"start":{"line":135,"column":17},"end":{"line":135,"column":55}},"74":{"start":{"line":136,"column":18},"end":{"line":136,"column":77}},"75":{"start":{"line":137,"column":20},"end":{"line":137,"column":69}},"76":{"start":{"line":139,"column":4},"end":{"line":139,"column":46}},"77":{"start":{"line":139,"column":18},"end":{"line":139,"column":46}},"78":{"start":{"line":140,"column":4},"end":{"line":140,"column":50}},"79":{"start":{"line":140,"column":19},"end":{"line":140,"column":50}},"80":{"start":{"line":141,"column":4},"end":{"line":141,"column":25}},"81":{"start":{"line":145,"column":4},"end":{"line":145,"column":75}},"82":{"start":{"line":145,"column":34},"end":{"line":145,"column":73}},"83":{"start":{"line":149,"column":4},"end":{"line":149,"column":37}},"84":{"start":{"line":149,"column":27},"end":{"line":149,"column":37}},"85":{"start":{"line":151,"column":20},"end":{"line":151,"column":49}},"86":{"start":{"line":152,"column":16},"end":{"line":152,"column":26}},"87":{"start":{"line":154,"column":4},"end":{"line":158,"column":7}},"88":{"start":{"line":155,"column":6},"end":{"line":155,"column":36}},"89":{"start":{"line":155,"column":23},"end":{"line":155,"column":36}},"90":{"start":{"line":156,"column":24},"end":{"line":156,"column":44}},"91":{"start":{"line":157,"column":6},"end":{"line":157,"column":51}},"92":{"start":{"line":162,"column":18},"end":{"line":162,"column":28}},"93":{"start":{"line":163,"column":16},"end":{"line":163,"column":30}},"94":{"start":{"line":166,"column":4},"end":{"line":170,"column":5}},"95":{"start":{"line":167,"column":6},"end":{"line":167,"column":34}},"96":{"start":{"line":169,"column":6},"end":{"line":169,"column":38}},"97":{"start":{"line":172,"column":21},"end":{"line":172,"column":36}},"98":{"start":{"line":173,"column":4},"end":{"line":173,"column":58}},"99":{"start":{"line":174,"column":4},"end":{"line":174,"column":34}},"100":{"start":{"line":176,"column":4},"end":{"line":176,"column":20}},"101":{"start":{"line":180,"column":24},"end":{"line":180,"column":45}},"102":{"start":{"line":182,"column":0},"end":{"line":184,"column":1}},"103":{"start":{"line":183,"column":2},"end":{"line":183,"column":56}}},"fnMap":{"0":{"name":"(anonymous_0)","decl":{"start":{"line":2,"column":2},"end":{"line":2,"column":3}},"loc":{"start":{"line":2,"column":16},"end":{"line":5,"column":3}},"line":2},"1":{"name":"(anonymous_1)","decl":{"start":{"line":7,"column":2},"end":{"line":7,"column":3}},"loc":{"start":{"line":7,"column":30},"end":{"line":9,"column":3}},"line":7},"2":{"name":"(anonymous_2)","decl":{"start":{"line":11,"column":2},"end":{"line":11,"column":3}},"loc":{"start":{"line":11,"column":22},"end":{"line":21,"column":3}},"line":11},"3":{"name":"(anonymous_3)","decl":{"start":{"line":16,"column":37},"end":{"line":16,"column":38}},"loc":{"start":{"line":16,"column":43},"end":{"line":18,"column":5}},"line":16},"4":{"name":"(anonymous_4)","decl":{"start":{"line":23,"column":2},"end":{"line":23,"column":3}},"loc":{"start":{"line":23,"column":21},"end":{"line":28,"column":3}},"line":23},"5":{"name":"(anonymous_5)","decl":{"start":{"line":30,"column":2},"end":{"line":30,"column":3}},"loc":{"start":{"line":30,"column":25},"end":{"line":38,"column":3}},"line":30},"6":{"name":"(anonymous_6)","decl":{"start":{"line":40,"column":2},"end":{"line":40,"column":3}},"loc":{"start":{"line":40,"column":17},"end":{"line":51,"column":3}},"line":40},"7":{"name":"(anonymous_7)","decl":{"start":{"line":53,"column":2},"end":{"line":53,"column":3}},"loc":{"start":{"line":53,"column":29},"end":{"line":56,"column":3}},"line":53},"8":{"name":"(anonymous_8)","decl":{"start":{"line":58,"column":2},"end":{"line":58,"column":3}},"loc":{"start":{"line":58,"column":20},"end":{"line":71,"column":3}},"line":58},"9":{"name":"(anonymous_9)","decl":{"start":{"line":73,"column":2},"end":{"line":73,"column":3}},"loc":{"start":{"line":73,"column":23},"end":{"line":76,"column":3}},"line":73},"10":{"name":"(anonymous_10)","decl":{"start":{"line":78,"column":2},"end":{"line":78,"column":3}},"loc":{"start":{"line":78,"column":21},"end":{"line":99,"column":3}},"line":78},"11":{"name":"(anonymous_11)","decl":{"start":{"line":101,"column":2},"end":{"line":101,"column":3}},"loc":{"start":{"line":101,"column":21},"end":{"line":123,"column":3}},"line":101},"12":{"name":"(anonymous_12)","decl":{"start":{"line":125,"column":2},"end":{"line":125,"column":3}},"loc":{"start":{"line":125,"column":26},"end":{"line":129,"column":3}},"line":125},"13":{"name":"(anonymous_13)","decl":{"start":{"line":131,"column":2},"end":{"line":131,"column":3}},"loc":{"start":{"line":131,"column":25},"end":{"line":142,"column":3}},"line":131},"14":{"name":"(anonymous_14)","decl":{"start":{"line":144,"column":2},"end":{"line":144,"column":3}},"loc":{"start":{"line":144,"column":34},"end":{"line":146,"column":3}},"line":144},"15":{"name":"(anonymous_15)","decl":{"start":{"line":145,"column":25},"end":{"line":145,"column":26}},"loc":{"start":{"line":145,"column":34},"end":{"line":145,"column":73}},"line":145},"16":{"name":"(anonymous_16)","decl":{"start":{"line":148,"column":2},"end":{"line":148,"column":3}},"loc":{"start":{"line":148,"column":30},"end":{"line":159,"column":3}},"line":148},"17":{"name":"(anonymous_17)","decl":{"start":{"line":154,"column":26},"end":{"line":154,"column":27}},"loc":{"start":{"line":154,"column":35},"end":{"line":158,"column":5}},"line":154},"18":{"name":"(anonymous_18)","decl":{"start":{"line":161,"column":2},"end":{"line":161,"column":3}},"loc":{"start":{"line":161,"column":23},"end":{"line":177,"column":3}},"line":161}},"branchMap":{"0":{"loc":{"start":{"line":12,"column":4},"end":{"line":14,"column":5}},"type":"if","locations":[{"start":{"line":12,"column":4},"end":{"line":14,"column":5}},{"start":{},"end":{}}],"line":12},"1":{"loc":{"start":{"line":24,"column":4},"end":{"line":27,"column":5}},"type":"if","locations":[{"start":{"line":24,"column":4},"end":{"line":27,"column":5}},{"start":{},"end":{}}],"line":24},"2":{"loc":{"start":{"line":35,"column":4},"end":{"line":37,"column":5}},"type":"if","locations":[{"start":{"line":35,"column":4},"end":{"line":37,"column":5}},{"start":{},"end":{}}],"line":35},"3":{"loc":{"start":{"line":35,"column":8},"end":{"line":35,"column":42}},"type":"binary-expr","locations":[{"start":{"line":35,"column":8},"end":{"line":35,"column":17}},{"start":{"line":35,"column":21},"end":{"line":35,"column":30}},{"start":{"line":35,"column":34},"end":{"line":35,"column":42}}],"line":35},"4":{"loc":{"start":{"line":41,"column":4},"end":{"line":44,"column":5}},"type":"if","locations":[{"start":{"line":41,"column":4},"end":{"line":44,"column":5}},{"start":{},"end":{}}],"line":41},"5":{"loc":{"start":{"line":54,"column":4},"end":{"line":54,"column":37}},"type":"if","locations":[{"start":{"line":54,"column":4},"end":{"line":54,"column":37}},{"start":{},"end":{}}],"line":54},"6":{"loc":{"start":{"line":59,"column":4},"end":{"line":59,"column":40}},"type":"if","locations":[{"start":{"line":59,"column":4},"end":{"line":59,"column":40}},{"start":{},"end":{}}],"line":59},"7":{"loc":{"start":{"line":62,"column":4},"end":{"line":62,"column":43}},"type":"if","locations":[{"start":{"line":62,"column":4},"end":{"line":62,"column":43}},{"start":{},"end":{}}],"line":62},"8":{"loc":{"start":{"line":68,"column":4},"end":{"line":68,"column":58}},"type":"if","locations":[{"start":{"line":68,"column":4},"end":{"line":68,"column":58}},{"start":{},"end":{}}],"line":68},"9":{"loc":{"start":{"line":68,"column":8},"end":{"line":68,"column":43}},"type":"binary-expr","locations":[{"start":{"line":68,"column":8},"end":{"line":68,"column":24}},{"start":{"line":68,"column":28},"end":{"line":68,"column":43}}],"line":68},"10":{"loc":{"start":{"line":70,"column":11},"end":{"line":70,"column":78}},"type":"binary-expr","locations":[{"start":{"line":70,"column":11},"end":{"line":70,"column":43}},{"start":{"line":70,"column":47},"end":{"line":70,"column":78}}],"line":70},"11":{"loc":{"start":{"line":74,"column":4},"end":{"line":74,"column":40}},"type":"if","locations":[{"start":{"line":74,"column":4},"end":{"line":74,"column":40}},{"start":{},"end":{}}],"line":74},"12":{"loc":{"start":{"line":75,"column":11},"end":{"line":75,"column":73}},"type":"binary-expr","locations":[{"start":{"line":75,"column":11},"end":{"line":75,"column":46}},{"start":{"line":75,"column":50},"end":{"line":75,"column":73}}],"line":75},"13":{"loc":{"start":{"line":79,"column":4},"end":{"line":79,"column":44}},"type":"if","locations":[{"start":{"line":79,"column":4},"end":{"line":79,"column":44}},{"start":{},"end":{}}],"line":79},"14":{"loc":{"start":{"line":82,"column":4},"end":{"line":82,"column":45}},"type":"if","locations":[{"start":{"line":82,"column":4},"end":{"line":82,"column":45}},{"start":{},"end":{}}],"line":82},"15":{"loc":{"start":{"line":88,"column":4},"end":{"line":88,"column":44}},"type":"if","locations":[{"start":{"line":88,"column":4},"end":{"line":88,"column":44}},{"start":{},"end":{}}],"line":88},"16":{"loc":{"start":{"line":90,"column":4},"end":{"line":92,"column":5}},"type":"if","locations":[{"start":{"line":90,"column":4},"end":{"line":92,"column":5}},{"start":{},"end":{}}],"line":90},"17":{"loc":{"start":{"line":91,"column":13},"end":{"line":91,"column":67}},"type":"cond-expr","locations":[{"start":{"line":91,"column":50},"end":{"line":91,"column":58}},{"start":{"line":91,"column":61},"end":{"line":91,"column":67}}],"line":91},"18":{"loc":{"start":{"line":94,"column":4},"end":{"line":96,"column":5}},"type":"if","locations":[{"start":{"line":94,"column":4},"end":{"line":96,"column":5}},{"start":{},"end":{}}],"line":94},"19":{"loc":{"start":{"line":107,"column":4},"end":{"line":116,"column":5}},"type":"if","locations":[{"start":{"line":107,"column":4},"end":{"line":116,"column":5}},{"start":{"line":110,"column":11},"end":{"line":116,"column":5}}],"line":107},"20":{"loc":{"start":{"line":107,"column":8},"end":{"line":107,"column":29}},"type":"binary-expr","locations":[{"start":{"line":107,"column":8},"end":{"line":107,"column":17}},{"start":{"line":107,"column":21},"end":{"line":107,"column":29}}],"line":107},"21":{"loc":{"start":{"line":110,"column":11},"end":{"line":116,"column":5}},"type":"if","locations":[{"start":{"line":110,"column":11},"end":{"line":116,"column":5}},{"start":{"line":113,"column":11},"end":{"line":116,"column":5}}],"line":110},"22":{"loc":{"start":{"line":133,"column":4},"end":{"line":133,"column":32}},"type":"if","locations":[{"start":{"line":133,"column":4},"end":{"line":133,"column":32}},{"start":{},"end":{}}],"line":133},"23":{"loc":{"start":{"line":139,"column":4},"end":{"line":139,"column":46}},"type":"if","locations":[{"start":{"line":139,"column":4},"end":{"line":139,"column":46}},{"start":{},"end":{}}],"line":139},"24":{"loc":{"start":{"line":140,"column":4},"end":{"line":140,"column":50}},"type":"if","locations":[{"start":{"line":140,"column":4},"end":{"line":140,"column":50}},{"start":{},"end":{}}],"line":140},"25":{"loc":{"start":{"line":145,"column":34},"end":{"line":145,"column":73}},"type":"binary-expr","locations":[{"start":{"line":145,"column":34},"end":{"line":145,"column":52}},{"start":{"line":145,"column":56},"end":{"line":145,"column":73}}],"line":145},"26":{"loc":{"start":{"line":149,"column":4},"end":{"line":149,"column":37}},"type":"if","locations":[{"start":{"line":149,"column":4},"end":{"line":149,"column":37}},{"start":{},"end":{}}],"line":149},"27":{"loc":{"start":{"line":155,"column":6},"end":{"line":155,"column":36}},"type":"if","locations":[{"start":{"line":155,"column":6},"end":{"line":155,"column":36}},{"start":{},"end":{}}],"line":155},"28":{"loc":{"start":{"line":157,"column":13},"end":{"line":157,"column":50}},"type":"binary-expr","locations":[{"start":{"line":157,"column":13},"end":{"line":157,"column":29}},{"start":{"line":157,"column":33},"end":{"line":157,"column":50}}],"line":157},"29":{"loc":{"start":{"line":166,"column":4},"end":{"line":170,"column":5}},"type":"if","locations":[{"start":{"line":166,"column":4},"end":{"line":170,"column":5}},{"start":{"line":168,"column":11},"end":{"line":170,"column":5}}],"line":166},"30":{"loc":{"start":{"line":182,"column":0},"end":{"line":184,"column":1}},"type":"if","locations":[{"start":{"line":182,"column":0},"end":{"line":184,"column":1}},{"start":{},"end":{}}],"line":182},"31":{"loc":{"start":{"line":182,"column":4},"end":{"line":182,"column":51}},"type":"binary-expr","locations":[{"start":{"line":182,"column":4},"end":{"line":182,"column":33}},{"start":{"line":182,"column":37},"end":{"line":182,"column":51}}],"line":182}},"s":{"0":22,"1":22,"2":21,"3":0,"4":0,"5":0,"6":0,"7":0,"8":0,"9":0,"10":0,"11":0,"12":0,"13":0,"14":0,"15":0,"16":0,"17":0,"18":0,"19":0,"20":0,"21":0,"22":0,"23":0,"24":0,"25":0,"26":2,"27":0,"28":2,"29":2,"30":0,"31":2,"32":2,"33":2,"34":2,"35":0,"36":2,"37":3,"38":0,"39":3,"40":5,"41":0,"42":5,"43":5,"44":1,"45":4,"46":4,"47":4,"48":4,"49":0,"50":4,"51":2,"52":2,"53":1,"54":1,"55":4,"56":4,"57":4,"58":4,"59":1,"60":3,"61":0,"62":3,"63":4,"64":4,"65":4,"66":4,"67":1,"68":1,"69":1,"70":1,"71":1,"72":0,"73":1,"74":1,"75":1,"76":1,"77":1,"78":0,"79":0,"80":0,"81":2,"82":5,"83":0,"84":0,"85":0,"86":0,"87":0,"88":0,"89":0,"90":0,"91":0,"92":4,"93":4,"94":4,"95":2,"96":2,"97":4,"98":4,"99":4,"100":4,"101":1,"102":1,"103":1},"f":{"0":22,"1":21,"2":0,"3":0,"4":0,"5":0,"6":0,"7":0,"8":2,"9":3,"10":5,"11":4,"12":1,"13":1,"14":2,"15":5,"16":0,"17":0,"18":4},"b":{"0":[0,0],"1":[0,0],"2":[0,0],"3":[0,0,0],"4":[0,0],"5":[0,0],"6":[0,2],"7":[0,2],"8":[0,2],"9":[2,2],"10":[2,1],"11":[0,3],"12":[3,2],"13":[0,5],"14":[1,4],"15":[0,4],"16":[2,2],"17":[1,1],"18":[1,1],"19":[1,3],"20":[4,2],"21":[0,3],"22":[0,1],"23":[1,0],"24":[0,0],"25":[5,4],"26":[0,0],"27":[0,0],"28":[0,0],"29":[2,2],"30":[1,0],"31":[1,1]},"_coverageSchema":"1a1c01bbd47fc00a2c39e90264f33305004495a9","hash":"20a44bbaba28dc7c9654f0b8e04e72042609d1a4"}
,"D:\\Desktop\\prueba-opencode\\futbolra\\src\\utils\\formatters.js": {"path":"D:\\Desktop\\prueba-opencode\\futbolra\\src\\utils\\formatters.js","statementMap":{"0":{"start":{"line":1,"column":19},"end":{"line":83,"column":1}},"1":{"start":{"line":3,"column":4},"end":{"line":3,"column":25}},"2":{"start":{"line":3,"column":15},"end":{"line":3,"column":25}},"3":{"start":{"line":4,"column":14},"end":{"line":4,"column":58}},"4":{"start":{"line":5,"column":4},"end":{"line":10,"column":7}},"5":{"start":{"line":14,"column":4},"end":{"line":14,"column":25}},"6":{"start":{"line":14,"column":15},"end":{"line":14,"column":25}},"7":{"start":{"line":15,"column":14},"end":{"line":15,"column":58}},"8":{"start":{"line":16,"column":4},"end":{"line":19,"column":7}},"9":{"start":{"line":23,"column":4},"end":{"line":23,"column":25}},"10":{"start":{"line":23,"column":15},"end":{"line":23,"column":25}},"11":{"start":{"line":24,"column":4},"end":{"line":24,"column":85}},"12":{"start":{"line":28,"column":4},"end":{"line":28,"column":56}},"13":{"start":{"line":28,"column":44},"end":{"line":28,"column":56}},"14":{"start":{"line":29,"column":4},"end":{"line":29,"column":35}},"15":{"start":{"line":33,"column":4},"end":{"line":33,"column":25}},"16":{"start":{"line":33,"column":15},"end":{"line":33,"column":25}},"17":{"start":{"line":34,"column":14},"end":{"line":34,"column":58}},"18":{"start":{"line":35,"column":16},"end":{"line":35,"column":26}},"19":{"start":{"line":36,"column":17},"end":{"line":36,"column":24}},"20":{"start":{"line":38,"column":4},"end":{"line":38,"column":37}},"21":{"start":{"line":38,"column":19},"end":{"line":38,"column":37}},"22":{"start":{"line":40,"column":17},"end":{"line":40,"column":57}},"23":{"start":{"line":41,"column":18},"end":{"line":41,"column":79}},"24":{"start":{"line":42,"column":20},"end":{"line":42,"column":71}},"25":{"start":{"line":44,"column":4},"end":{"line":44,"column":49}},"26":{"start":{"line":44,"column":18},"end":{"line":44,"column":49}},"27":{"start":{"line":45,"column":4},"end":{"line":45,"column":53}},"28":{"start":{"line":45,"column":19},"end":{"line":45,"column":53}},"29":{"start":{"line":46,"column":4},"end":{"line":46,"column":28}},"30":{"start":{"line":50,"column":22},"end":{"line":56,"column":5}},"31":{"start":{"line":57,"column":4},"end":{"line":57,"column":39}},"32":{"start":{"line":61,"column":22},"end":{"line":68,"column":5}},"33":{"start":{"line":69,"column":4},"end":{"line":69,"column":39}},"34":{"start":{"line":73,"column":4},"end":{"line":75,"column":5}},"35":{"start":{"line":74,"column":6},"end":{"line":74,"column":82}},"36":{"start":{"line":76,"column":4},"end":{"line":76,"column":23}},"37":{"start":{"line":80,"column":4},"end":{"line":80,"column":52}},"38":{"start":{"line":80,"column":41},"end":{"line":80,"column":52}},"39":{"start":{"line":81,"column":4},"end":{"line":81,"column":47}},"40":{"start":{"line":85,"column":0},"end":{"line":87,"column":1}},"41":{"start":{"line":86,"column":2},"end":{"line":86,"column":30}}},"fnMap":{"0":{"name":"(anonymous_0)","decl":{"start":{"line":2,"column":2},"end":{"line":2,"column":3}},"loc":{"start":{"line":2,"column":37},"end":{"line":11,"column":3}},"line":2},"1":{"name":"(anonymous_1)","decl":{"start":{"line":13,"column":2},"end":{"line":13,"column":3}},"loc":{"start":{"line":13,"column":37},"end":{"line":20,"column":3}},"line":13},"2":{"name":"(anonymous_2)","decl":{"start":{"line":22,"column":2},"end":{"line":22,"column":3}},"loc":{"start":{"line":22,"column":41},"end":{"line":25,"column":3}},"line":22},"3":{"name":"(anonymous_3)","decl":{"start":{"line":27,"column":2},"end":{"line":27,"column":3}},"loc":{"start":{"line":27,"column":30},"end":{"line":30,"column":3}},"line":27},"4":{"name":"(anonymous_4)","decl":{"start":{"line":32,"column":2},"end":{"line":32,"column":3}},"loc":{"start":{"line":32,"column":27},"end":{"line":47,"column":3}},"line":32},"5":{"name":"(anonymous_5)","decl":{"start":{"line":49,"column":2},"end":{"line":49,"column":3}},"loc":{"start":{"line":49,"column":28},"end":{"line":58,"column":3}},"line":49},"6":{"name":"(anonymous_6)","decl":{"start":{"line":60,"column":2},"end":{"line":60,"column":3}},"loc":{"start":{"line":60,"column":30},"end":{"line":70,"column":3}},"line":60},"7":{"name":"(anonymous_7)","decl":{"start":{"line":72,"column":2},"end":{"line":72,"column":3}},"loc":{"start":{"line":72,"column":39},"end":{"line":77,"column":3}},"line":72},"8":{"name":"(anonymous_8)","decl":{"start":{"line":79,"column":2},"end":{"line":79,"column":3}},"loc":{"start":{"line":79,"column":32},"end":{"line":82,"column":3}},"line":79}},"branchMap":{"0":{"loc":{"start":{"line":2,"column":19},"end":{"line":2,"column":35}},"type":"default-arg","locations":[{"start":{"line":2,"column":28},"end":{"line":2,"column":35}}],"line":2},"1":{"loc":{"start":{"line":3,"column":4},"end":{"line":3,"column":25}},"type":"if","locations":[{"start":{"line":3,"column":4},"end":{"line":3,"column":25}},{"start":{},"end":{}}],"line":3},"2":{"loc":{"start":{"line":4,"column":14},"end":{"line":4,"column":58}},"type":"cond-expr","locations":[{"start":{"line":4,"column":37},"end":{"line":4,"column":41}},{"start":{"line":4,"column":44},"end":{"line":4,"column":58}}],"line":4},"3":{"loc":{"start":{"line":13,"column":19},"end":{"line":13,"column":35}},"type":"default-arg","locations":[{"start":{"line":13,"column":28},"end":{"line":13,"column":35}}],"line":13},"4":{"loc":{"start":{"line":14,"column":4},"end":{"line":14,"column":25}},"type":"if","locations":[{"start":{"line":14,"column":4},"end":{"line":14,"column":25}},{"start":{},"end":{}}],"line":14},"5":{"loc":{"start":{"line":15,"column":14},"end":{"line":15,"column":58}},"type":"cond-expr","locations":[{"start":{"line":15,"column":37},"end":{"line":15,"column":41}},{"start":{"line":15,"column":44},"end":{"line":15,"column":58}}],"line":15},"6":{"loc":{"start":{"line":22,"column":23},"end":{"line":22,"column":39}},"type":"default-arg","locations":[{"start":{"line":22,"column":32},"end":{"line":22,"column":39}}],"line":22},"7":{"loc":{"start":{"line":23,"column":4},"end":{"line":23,"column":25}},"type":"if","locations":[{"start":{"line":23,"column":4},"end":{"line":23,"column":25}},{"start":{},"end":{}}],"line":23},"8":{"loc":{"start":{"line":28,"column":4},"end":{"line":28,"column":56}},"type":"if","locations":[{"start":{"line":28,"column":4},"end":{"line":28,"column":56}},{"start":{},"end":{}}],"line":28},"9":{"loc":{"start":{"line":28,"column":8},"end":{"line":28,"column":42}},"type":"binary-expr","locations":[{"start":{"line":28,"column":8},"end":{"line":28,"column":23}},{"start":{"line":28,"column":27},"end":{"line":28,"column":42}}],"line":28},"10":{"loc":{"start":{"line":33,"column":4},"end":{"line":33,"column":25}},"type":"if","locations":[{"start":{"line":33,"column":4},"end":{"line":33,"column":25}},{"start":{},"end":{}}],"line":33},"11":{"loc":{"start":{"line":34,"column":14},"end":{"line":34,"column":58}},"type":"cond-expr","locations":[{"start":{"line":34,"column":37},"end":{"line":34,"column":41}},{"start":{"line":34,"column":44},"end":{"line":34,"column":58}}],"line":34},"12":{"loc":{"start":{"line":38,"column":4},"end":{"line":38,"column":37}},"type":"if","locations":[{"start":{"line":38,"column":4},"end":{"line":38,"column":37}},{"start":{},"end":{}}],"line":38},"13":{"loc":{"start":{"line":44,"column":4},"end":{"line":44,"column":49}},"type":"if","locations":[{"start":{"line":44,"column":4},"end":{"line":44,"column":49}},{"start":{},"end":{}}],"line":44},"14":{"loc":{"start":{"line":45,"column":4},"end":{"line":45,"column":53}},"type":"if","locations":[{"start":{"line":45,"column":4},"end":{"line":45,"column":53}},{"start":{},"end":{}}],"line":45},"15":{"loc":{"start":{"line":57,"column":11},"end":{"line":57,"column":38}},"type":"binary-expr","locations":[{"start":{"line":57,"column":11},"end":{"line":57,"column":28}},{"start":{"line":57,"column":32},"end":{"line":57,"column":38}}],"line":57},"16":{"loc":{"start":{"line":69,"column":11},"end":{"line":69,"column":38}},"type":"binary-expr","locations":[{"start":{"line":69,"column":11},"end":{"line":69,"column":28}},{"start":{"line":69,"column":32},"end":{"line":69,"column":38}}],"line":69},"17":{"loc":{"start":{"line":73,"column":4},"end":{"line":75,"column":5}},"type":"if","locations":[{"start":{"line":73,"column":4},"end":{"line":75,"column":5}},{"start":{},"end":{}}],"line":73},"18":{"loc":{"start":{"line":74,"column":37},"end":{"line":74,"column":79}},"type":"cond-expr","locations":[{"start":{"line":74,"column":69},"end":{"line":74,"column":74}},{"start":{"line":74,"column":77},"end":{"line":74,"column":79}}],"line":74},"19":{"loc":{"start":{"line":79,"column":16},"end":{"line":79,"column":30}},"type":"default-arg","locations":[{"start":{"line":79,"column":28},"end":{"line":79,"column":30}}],"line":79},"20":{"loc":{"start":{"line":80,"column":4},"end":{"line":80,"column":52}},"type":"if","locations":[{"start":{"line":80,"column":4},"end":{"line":80,"column":52}},{"start":{},"end":{}}],"line":80},"21":{"loc":{"start":{"line":80,"column":8},"end":{"line":80,"column":39}},"type":"binary-expr","locations":[{"start":{"line":80,"column":8},"end":{"line":80,"column":12}},{"start":{"line":80,"column":16},"end":{"line":80,"column":39}}],"line":80},"22":{"loc":{"start":{"line":85,"column":0},"end":{"line":87,"column":1}},"type":"if","locations":[{"start":{"line":85,"column":0},"end":{"line":87,"column":1}},{"start":{},"end":{}}],"line":85},"23":{"loc":{"start":{"line":85,"column":4},"end":{"line":85,"column":51}},"type":"binary-expr","locations":[{"start":{"line":85,"column":4},"end":{"line":85,"column":33}},{"start":{"line":85,"column":37},"end":{"line":85,"column":51}}],"line":85}},"s":{"0":1,"1":3,"2":1,"3":2,"4":2,"5":3,"6":1,"7":2,"8":2,"9":1,"10":0,"11":1,"12":4,"13":2,"14":2,"15":3,"16":1,"17":2,"18":2,"19":2,"20":2,"21":1,"22":1,"23":1,"24":1,"25":1,"26":1,"27":0,"28":0,"29":0,"30":6,"31":6,"32":6,"33":6,"34":2,"35":1,"36":1,"37":4,"38":3,"39":1,"40":1,"41":1},"f":{"0":3,"1":3,"2":1,"3":4,"4":3,"5":6,"6":6,"7":2,"8":4},"b":{"0":[2],"1":[1,2],"2":[2,0],"3":[2],"4":[1,2],"5":[2,0],"6":[1],"7":[0,1],"8":[2,2],"9":[4,2],"10":[1,2],"11":[2,0],"12":[1,1],"13":[1,0],"14":[0,0],"15":[6,1],"16":[6,0],"17":[1,1],"18":[1,0],"19":[2],"20":[3,1],"21":[4,2],"22":[1,0],"23":[1,1]},"_coverageSchema":"1a1c01bbd47fc00a2c39e90264f33305004495a9","hash":"8c93c2ecf14b8761f8b627800a771245f91241e4"}
,"D:\\Desktop\\prueba-opencode\\futbolra\\src\\utils\\validators.js": {"path":"D:\\Desktop\\prueba-opencode\\futbolra\\src\\utils\\validators.js","statementMap":{"0":{"start":{"line":1,"column":19},"end":{"line":32,"column":1}},"1":{"start":{"line":3,"column":4},"end":{"line":3,"column":64}},"2":{"start":{"line":7,"column":4},"end":{"line":7,"column":61}},"3":{"start":{"line":11,"column":4},"end":{"line":11,"column":91}},"4":{"start":{"line":15,"column":4},"end":{"line":15,"column":66}},"5":{"start":{"line":19,"column":4},"end":{"line":19,"column":46}},"6":{"start":{"line":19,"column":33},"end":{"line":19,"column":46}},"7":{"start":{"line":20,"column":16},"end":{"line":20,"column":29}},"8":{"start":{"line":21,"column":4},"end":{"line":21,"column":47}},"9":{"start":{"line":25,"column":4},"end":{"line":25,"column":53}},"10":{"start":{"line":29,"column":4},"end":{"line":29,"column":43}},"11":{"start":{"line":29,"column":33},"end":{"line":29,"column":43}},"12":{"start":{"line":30,"column":4},"end":{"line":30,"column":36}},"13":{"start":{"line":34,"column":0},"end":{"line":36,"column":1}},"14":{"start":{"line":35,"column":2},"end":{"line":35,"column":30}}},"fnMap":{"0":{"name":"(anonymous_0)","decl":{"start":{"line":2,"column":2},"end":{"line":2,"column":3}},"loc":{"start":{"line":2,"column":22},"end":{"line":4,"column":3}},"line":2},"1":{"name":"(anonymous_1)","decl":{"start":{"line":6,"column":2},"end":{"line":6,"column":3}},"loc":{"start":{"line":6,"column":26},"end":{"line":8,"column":3}},"line":6},"2":{"name":"(anonymous_2)","decl":{"start":{"line":10,"column":2},"end":{"line":10,"column":3}},"loc":{"start":{"line":10,"column":31},"end":{"line":12,"column":3}},"line":10},"3":{"name":"(anonymous_3)","decl":{"start":{"line":14,"column":2},"end":{"line":14,"column":3}},"loc":{"start":{"line":14,"column":36},"end":{"line":16,"column":3}},"line":14},"4":{"name":"(anonymous_4)","decl":{"start":{"line":18,"column":2},"end":{"line":18,"column":3}},"loc":{"start":{"line":18,"column":18},"end":{"line":22,"column":3}},"line":18},"5":{"name":"(anonymous_5)","decl":{"start":{"line":24,"column":2},"end":{"line":24,"column":3}},"loc":{"start":{"line":24,"column":23},"end":{"line":26,"column":3}},"line":24},"6":{"name":"(anonymous_6)","decl":{"start":{"line":28,"column":2},"end":{"line":28,"column":3}},"loc":{"start":{"line":28,"column":22},"end":{"line":31,"column":3}},"line":28}},"branchMap":{"0":{"loc":{"start":{"line":3,"column":11},"end":{"line":3,"column":63}},"type":"binary-expr","locations":[{"start":{"line":3,"column":11},"end":{"line":3,"column":34}},{"start":{"line":3,"column":38},"end":{"line":3,"column":48}},{"start":{"line":3,"column":52},"end":{"line":3,"column":63}}],"line":3},"1":{"loc":{"start":{"line":7,"column":11},"end":{"line":7,"column":60}},"type":"binary-expr","locations":[{"start":{"line":7,"column":11},"end":{"line":7,"column":38}},{"start":{"line":7,"column":42},"end":{"line":7,"column":60}}],"line":7},"2":{"loc":{"start":{"line":11,"column":11},"end":{"line":11,"column":90}},"type":"binary-expr","locations":[{"start":{"line":11,"column":11},"end":{"line":11,"column":35}},{"start":{"line":11,"column":39},"end":{"line":11,"column":62}},{"start":{"line":11,"column":66},"end":{"line":11,"column":90}}],"line":11},"3":{"loc":{"start":{"line":15,"column":11},"end":{"line":15,"column":65}},"type":"binary-expr","locations":[{"start":{"line":15,"column":11},"end":{"line":15,"column":36}},{"start":{"line":15,"column":40},"end":{"line":15,"column":65}}],"line":15},"4":{"loc":{"start":{"line":19,"column":4},"end":{"line":19,"column":46}},"type":"if","locations":[{"start":{"line":19,"column":4},"end":{"line":19,"column":46}},{"start":{},"end":{}}],"line":19},"5":{"loc":{"start":{"line":21,"column":11},"end":{"line":21,"column":46}},"type":"binary-expr","locations":[{"start":{"line":21,"column":11},"end":{"line":21,"column":20}},{"start":{"line":21,"column":24},"end":{"line":21,"column":33}},{"start":{"line":21,"column":37},"end":{"line":21,"column":46}}],"line":21},"6":{"loc":{"start":{"line":25,"column":11},"end":{"line":25,"column":52}},"type":"binary-expr","locations":[{"start":{"line":25,"column":11},"end":{"line":25,"column":31}},{"start":{"line":25,"column":35},"end":{"line":25,"column":52}}],"line":25},"7":{"loc":{"start":{"line":29,"column":4},"end":{"line":29,"column":43}},"type":"if","locations":[{"start":{"line":29,"column":4},"end":{"line":29,"column":43}},{"start":{},"end":{}}],"line":29},"8":{"loc":{"start":{"line":34,"column":0},"end":{"line":36,"column":1}},"type":"if","locations":[{"start":{"line":34,"column":0},"end":{"line":36,"column":1}},{"start":{},"end":{}}],"line":34},"9":{"loc":{"start":{"line":34,"column":4},"end":{"line":34,"column":51}},"type":"binary-expr","locations":[{"start":{"line":34,"column":4},"end":{"line":34,"column":33}},{"start":{"line":34,"column":37},"end":{"line":34,"column":51}}],"line":34}},"s":{"0":1,"1":19,"2":5,"3":9,"4":6,"5":9,"6":2,"7":7,"8":7,"9":4,"10":5,"11":3,"12":2,"13":1,"14":1},"f":{"0":19,"1":5,"2":9,"3":6,"4":9,"5":4,"6":5},"b":{"0":[19,16,14],"1":[5,3],"2":[9,7,4],"3":[6,4],"4":[2,7],"5":[7,6,5],"6":[4,2],"7":[3,2],"8":[1,0],"9":[1,1]},"_coverageSchema":"1a1c01bbd47fc00a2c39e90264f33305004495a9","hash":"9e401074809f821e76243243605abccdc41e2660"}
}
