TN:
SF:src\core\GameManager.js
FN:5,(anonymous_0)
FN:15,(anonymous_1)
FN:16,(anonymous_2)
FN:30,(anonymous_3)
FN:36,(anonymous_4)
FN:37,(anonymous_5)
FN:40,(anonymous_6)
FN:41,(anonymous_7)
FN:44,(anonymous_8)
FN:45,(anonymous_9)
FN:48,(anonymous_10)
FN:58,(anonymous_11)
FN:71,(anonymous_12)
FN:75,(anonymous_13)
FN:79,(anonymous_14)
FN:83,(anonymous_15)
FN:84,(anonymous_16)
FN:94,(anonymous_17)
FN:95,(anonymous_18)
FN:106,(anonymous_19)
FN:117,(anonymous_20)
FN:121,(anonymous_21)
FN:122,(anonymous_22)
FN:125,(anonymous_23)
FN:143,(anonymous_24)
FN:151,(anonymous_25)
FN:168,(anonymous_26)
FN:172,(anonymous_27)
FN:174,(anonymous_28)
FN:175,(anonymous_29)
FN:184,(anonymous_30)
FN:186,(anonymous_31)
FN:187,(anonymous_32)
FNF:33
FNH:33
FNDA:51,(anonymous_0)
FNDA:32,(anonymous_1)
FNDA:84,(anonymous_2)
FNDA:29,(anonymous_3)
FNDA:1,(anonymous_4)
FNDA:2,(anonymous_5)
FNDA:7,(anonymous_6)
FNDA:5,(anonymous_7)
FNDA:8,(anonymous_8)
FNDA:14,(anonymous_9)
FNDA:6,(anonymous_10)
FNDA:6,(anonymous_11)
FNDA:6,(anonymous_12)
FNDA:1,(anonymous_13)
FNDA:7,(anonymous_14)
FNDA:4,(anonymous_15)
FNDA:4,(anonymous_16)
FNDA:4,(anonymous_17)
FNDA:4,(anonymous_18)
FNDA:3,(anonymous_19)
FNDA:7,(anonymous_20)
FNDA:2,(anonymous_21)
FNDA:2,(anonymous_22)
FNDA:8,(anonymous_23)
FNDA:8,(anonymous_24)
FNDA:24,(anonymous_25)
FNDA:24,(anonymous_26)
FNDA:1,(anonymous_27)
FNDA:3,(anonymous_28)
FNDA:2,(anonymous_29)
FNDA:1,(anonymous_30)
FNDA:3,(anonymous_31)
FNDA:2,(anonymous_32)
DA:1,2
DA:2,2
DA:6,51
DA:7,51
DA:8,51
DA:9,51
DA:10,51
DA:11,51
DA:12,51
DA:16,84
DA:17,32
DA:18,32
DA:19,32
DA:20,32
DA:22,32
DA:23,2
DA:24,2
DA:25,2
DA:26,2
DA:31,29
DA:32,29
DA:33,29
DA:37,2
DA:41,7
DA:45,14
DA:49,6
DA:50,1
DA:53,5
DA:54,5
DA:55,1
DA:58,6
DA:59,4
DA:60,1
DA:63,3
DA:64,2
DA:67,1
DA:68,1
DA:72,6
DA:76,1
DA:80,7
DA:84,4
DA:85,4
DA:86,0
DA:89,4
DA:90,4
DA:91,4
DA:95,4
DA:96,4
DA:98,4
DA:99,5
DA:100,5
DA:101,3
DA:107,3
DA:108,3
DA:109,1
DA:111,2
DA:112,1
DA:114,1
DA:118,7
DA:122,2
DA:126,8
DA:127,8
DA:130,8
DA:131,0
DA:133,8
DA:136,8
DA:137,8
DA:138,8
DA:140,8
DA:144,8
DA:145,8
DA:151,8
DA:152,24
DA:153,24
DA:155,24
DA:167,8
DA:168,24
DA:169,8
DA:173,1
DA:174,3
DA:175,2
DA:185,1
DA:186,3
DA:187,2
DA:188,1
DA:189,1
DA:190,1
DA:191,1
DA:192,1
DA:193,1
DA:197,2
DA:198,2
LF:92
LH:90
BRDA:17,0,0,32
BRDA:17,0,1,7
BRDA:18,1,0,32
BRDA:18,1,1,0
BRDA:19,2,0,32
BRDA:19,2,1,0
BRDA:49,3,0,1
BRDA:49,3,1,5
BRDA:54,4,0,1
BRDA:54,4,1,4
BRDA:59,5,0,1
BRDA:59,5,1,3
BRDA:63,6,0,2
BRDA:63,6,1,1
BRDA:63,7,0,3
BRDA:63,7,1,2
BRDA:85,8,0,0
BRDA:85,8,1,4
BRDA:96,9,0,0
BRDA:96,9,1,4
BRDA:96,10,0,4
BRDA:96,10,1,4
BRDA:100,11,0,3
BRDA:100,11,1,2
BRDA:100,12,0,5
BRDA:100,12,1,4
BRDA:100,12,2,2
BRDA:108,13,0,1
BRDA:108,13,1,2
BRDA:111,14,0,1
BRDA:111,14,1,1
BRDA:130,15,0,0
BRDA:130,15,1,8
BRDA:157,16,0,8
BRDA:157,16,1,16
BRDA:157,17,0,8
BRDA:157,17,1,8
BRDA:179,18,0,1
BRDA:179,18,1,0
BRDA:180,19,0,1
BRDA:180,19,1,0
BRDA:186,20,0,1
BRDA:186,20,1,0
BRDA:187,21,0,1
BRDA:187,21,1,0
BRDA:188,22,0,1
BRDA:188,22,1,0
BRDA:189,23,0,1
BRDA:189,23,1,0
BRDA:190,24,0,1
BRDA:190,24,1,0
BRDA:191,25,0,1
BRDA:191,25,1,0
BRDA:192,26,0,1
BRDA:192,26,1,0
BRDA:197,27,0,2
BRDA:197,27,1,0
BRDA:197,28,0,2
BRDA:197,28,1,2
BRF:59
BRH:44
end_of_record
TN:
SF:src\core\Match.js
FN:2,(anonymous_0)
FN:18,(anonymous_1)
FN:24,(anonymous_2)
FN:28,(anonymous_3)
FN:32,(anonymous_4)
FN:37,(anonymous_5)
FN:44,(anonymous_6)
FN:50,(anonymous_7)
FN:58,(anonymous_8)
FN:76,(anonymous_9)
FNF:10
FNH:10
FNDA:208,(anonymous_0)
FNDA:16,(anonymous_1)
FNDA:6,(anonymous_2)
FNDA:17,(anonymous_3)
FNDA:2,(anonymous_4)
FNDA:4,(anonymous_5)
FNDA:5,(anonymous_6)
FNDA:2,(anonymous_7)
FNDA:28,(anonymous_8)
FNDA:88,(anonymous_9)
DA:3,208
DA:4,208
DA:5,208
DA:6,208
DA:7,208
DA:8,208
DA:9,208
DA:10,208
DA:11,208
DA:12,208
DA:13,208
DA:14,208
DA:15,208
DA:19,16
DA:20,15
DA:21,15
DA:25,6
DA:29,17
DA:33,2
DA:34,1
DA:38,4
DA:39,3
DA:40,2
DA:41,1
DA:45,5
DA:46,5
DA:47,5
DA:51,2
DA:59,28
DA:77,88
DA:81,4
DA:82,4
LF:32
LH:32
BRDA:2,0,0,0
BRDA:3,1,0,208
BRDA:3,1,1,59
BRDA:4,2,0,208
BRDA:4,2,1,23
BRDA:5,3,0,208
BRDA:5,3,1,23
BRDA:6,4,0,208
BRDA:6,4,1,83
BRDA:7,5,0,208
BRDA:7,5,1,83
BRDA:8,6,0,145
BRDA:8,6,1,63
BRDA:9,7,0,208
BRDA:9,7,1,83
BRDA:10,8,0,208
BRDA:10,8,1,147
BRDA:11,9,0,208
BRDA:11,9,1,147
BRDA:12,10,0,208
BRDA:12,10,1,119
BRDA:13,11,0,208
BRDA:13,11,1,180
BRDA:14,12,0,208
BRDA:14,12,1,83
BRDA:15,13,0,208
BRDA:15,13,1,69
BRDA:19,14,0,1
BRDA:19,14,1,15
BRDA:21,15,0,15
BRDA:21,15,1,11
BRDA:21,15,2,6
BRDA:33,16,0,1
BRDA:33,16,1,1
BRDA:33,17,0,2
BRDA:33,17,1,1
BRDA:38,18,0,1
BRDA:38,18,1,3
BRDA:38,19,0,4
BRDA:38,19,1,3
BRDA:39,20,0,1
BRDA:39,20,1,2
BRDA:40,21,0,1
BRDA:40,21,1,1
BRDA:65,22,0,28
BRDA:65,22,1,0
BRDA:81,23,0,4
BRDA:81,23,1,0
BRDA:81,24,0,4
BRDA:81,24,1,4
BRF:50
BRH:47
end_of_record
TN:
SF:src\core\Participant.js
FN:2,(anonymous_0)
FN:12,(anonymous_1)
FN:16,(anonymous_2)
FN:20,(anonymous_3)
FN:24,(anonymous_4)
FN:30,(anonymous_5)
FN:34,(anonymous_6)
FN:54,(anonymous_7)
FN:66,(anonymous_8)
FNF:9
FNH:9
FNDA:53,(anonymous_0)
FNDA:21,(anonymous_1)
FNDA:7,(anonymous_2)
FNDA:2,(anonymous_3)
FNDA:12,(anonymous_4)
FNDA:2,(anonymous_5)
FNDA:8,(anonymous_6)
FNDA:3,(anonymous_7)
FNDA:3,(anonymous_8)
DA:3,53
DA:4,53
DA:5,53
DA:6,53
DA:7,53
DA:8,53
DA:9,53
DA:13,21
DA:17,7
DA:21,2
DA:25,12
DA:26,12
DA:27,12
DA:31,2
DA:35,8
DA:36,8
DA:37,22
DA:38,22
DA:39,8
DA:40,4
DA:41,4
DA:46,2
DA:50,8
DA:51,8
DA:55,3
DA:67,3
DA:71,3
DA:72,3
LF:28
LH:28
BRDA:2,0,0,0
BRDA:3,1,0,53
BRDA:3,1,1,50
BRDA:4,2,0,53
BRDA:4,2,1,0
BRDA:5,3,0,53
BRDA:5,3,1,50
BRDA:7,4,0,53
BRDA:7,4,1,52
BRDA:8,5,0,53
BRDA:8,5,1,52
BRDA:9,6,0,53
BRDA:9,6,1,52
BRDA:17,7,0,7
BRDA:17,7,1,2
BRDA:38,8,0,8
BRDA:38,8,1,14
BRDA:38,9,0,22
BRDA:38,9,1,9
BRDA:39,10,0,4
BRDA:39,10,1,4
BRDA:39,11,0,8
BRDA:39,11,1,4
BRDA:41,12,0,2
BRDA:41,12,1,2
BRDA:42,13,0,4
BRDA:42,13,1,2
BRDA:42,13,2,3
BRDA:42,13,3,1
BRDA:42,13,4,3
BRDA:42,13,5,1
BRDA:71,14,0,3
BRDA:71,14,1,0
BRDA:71,15,0,3
BRDA:71,15,1,3
BRF:35
BRH:32
end_of_record
TN:
SF:src\services\ScheduleService.js
FN:2,(anonymous_0)
FN:7,(anonymous_1)
FN:11,(anonymous_2)
FN:16,(anonymous_3)
FN:23,(anonymous_4)
FN:30,(anonymous_5)
FN:40,(anonymous_6)
FN:53,(anonymous_7)
FN:58,(anonymous_8)
FN:73,(anonymous_9)
FN:78,(anonymous_10)
FN:101,(anonymous_11)
FN:125,(anonymous_12)
FN:131,(anonymous_13)
FN:144,(anonymous_14)
FN:145,(anonymous_15)
FN:148,(anonymous_16)
FN:154,(anonymous_17)
FN:161,(anonymous_18)
FNF:19
FNH:11
FNDA:22,(anonymous_0)
FNDA:21,(anonymous_1)
FNDA:0,(anonymous_2)
FNDA:0,(anonymous_3)
FNDA:0,(anonymous_4)
FNDA:0,(anonymous_5)
FNDA:0,(anonymous_6)
FNDA:0,(anonymous_7)
FNDA:2,(anonymous_8)
FNDA:3,(anonymous_9)
FNDA:5,(anonymous_10)
FNDA:4,(anonymous_11)
FNDA:1,(anonymous_12)
FNDA:1,(anonymous_13)
FNDA:2,(anonymous_14)
FNDA:5,(anonymous_15)
FNDA:0,(anonymous_16)
FNDA:0,(anonymous_17)
FNDA:4,(anonymous_18)
DA:3,22
DA:4,22
DA:8,21
DA:12,0
DA:13,0
DA:16,0
DA:17,0
DA:20,0
DA:24,0
DA:25,0
DA:26,0
DA:31,0
DA:32,0
DA:33,0
DA:35,0
DA:36,0
DA:41,0
DA:42,0
DA:43,0
DA:46,0
DA:47,0
DA:48,0
DA:50,0
DA:54,0
DA:55,0
DA:59,2
DA:61,2
DA:62,2
DA:64,2
DA:65,2
DA:66,2
DA:68,2
DA:70,2
DA:74,3
DA:75,3
DA:79,5
DA:81,5
DA:82,5
DA:84,4
DA:85,4
DA:86,4
DA:88,4
DA:90,4
DA:91,2
DA:94,2
DA:95,1
DA:98,1
DA:102,4
DA:103,4
DA:104,4
DA:107,4
DA:109,1
DA:110,3
DA:112,0
DA:115,3
DA:118,4
DA:119,4
DA:120,4
DA:122,4
DA:126,1
DA:127,1
DA:128,1
DA:132,1
DA:133,1
DA:135,1
DA:136,1
DA:137,1
DA:139,1
DA:140,0
DA:141,0
DA:145,5
DA:149,0
DA:151,0
DA:152,0
DA:154,0
DA:155,0
DA:156,0
DA:157,0
DA:162,4
DA:163,4
DA:166,4
DA:167,2
DA:169,2
DA:172,4
DA:173,4
DA:174,4
DA:176,4
DA:180,1
DA:182,1
DA:183,1
LF:90
LH:58
BRDA:12,0,0,0
BRDA:12,0,1,0
BRDA:24,1,0,0
BRDA:24,1,1,0
BRDA:35,2,0,0
BRDA:35,2,1,0
BRDA:35,3,0,0
BRDA:35,3,1,0
BRDA:35,3,2,0
BRDA:41,4,0,0
BRDA:41,4,1,0
BRDA:54,5,0,0
BRDA:54,5,1,0
BRDA:59,6,0,0
BRDA:59,6,1,2
BRDA:62,7,0,0
BRDA:62,7,1,2
BRDA:68,8,0,0
BRDA:68,8,1,2
BRDA:68,9,0,2
BRDA:68,9,1,2
BRDA:70,10,0,2
BRDA:70,10,1,1
BRDA:74,11,0,0
BRDA:74,11,1,3
BRDA:75,12,0,3
BRDA:75,12,1,2
BRDA:79,13,0,0
BRDA:79,13,1,5
BRDA:82,14,0,1
BRDA:82,14,1,4
BRDA:88,15,0,0
BRDA:88,15,1,4
BRDA:90,16,0,2
BRDA:90,16,1,2
BRDA:91,17,0,1
BRDA:91,17,1,1
BRDA:94,18,0,1
BRDA:94,18,1,1
BRDA:107,19,0,1
BRDA:107,19,1,3
BRDA:107,20,0,4
BRDA:107,20,1,2
BRDA:110,21,0,0
BRDA:110,21,1,3
BRDA:133,22,0,0
BRDA:133,22,1,1
BRDA:139,23,0,1
BRDA:139,23,1,0
BRDA:140,24,0,0
BRDA:140,24,1,0
BRDA:145,25,0,5
BRDA:145,25,1,4
BRDA:149,26,0,0
BRDA:149,26,1,0
BRDA:155,27,0,0
BRDA:155,27,1,0
BRDA:157,28,0,0
BRDA:157,28,1,0
BRDA:166,29,0,2
BRDA:166,29,1,2
BRDA:182,30,0,1
BRDA:182,30,1,0
BRDA:182,31,0,1
BRDA:182,31,1,1
BRF:65
BRH:34
end_of_record
TN:
SF:src\utils\formatters.js
FN:2,(anonymous_0)
FN:13,(anonymous_1)
FN:22,(anonymous_2)
FN:27,(anonymous_3)
FN:32,(anonymous_4)
FN:49,(anonymous_5)
FN:60,(anonymous_6)
FN:72,(anonymous_7)
FN:79,(anonymous_8)
FNF:9
FNH:9
FNDA:3,(anonymous_0)
FNDA:3,(anonymous_1)
FNDA:1,(anonymous_2)
FNDA:4,(anonymous_3)
FNDA:3,(anonymous_4)
FNDA:6,(anonymous_5)
FNDA:6,(anonymous_6)
FNDA:2,(anonymous_7)
FNDA:4,(anonymous_8)
DA:1,1
DA:3,3
DA:4,2
DA:5,2
DA:14,3
DA:15,2
DA:16,2
DA:23,1
DA:24,1
DA:28,4
DA:29,2
DA:33,3
DA:34,2
DA:35,2
DA:36,2
DA:38,2
DA:40,1
DA:41,1
DA:42,1
DA:44,1
DA:45,0
DA:46,0
DA:50,6
DA:57,6
DA:61,6
DA:69,6
DA:73,2
DA:74,1
DA:76,1
DA:80,4
DA:81,1
DA:85,1
DA:86,1
LF:33
LH:31
BRDA:2,0,0,2
BRDA:3,1,0,1
BRDA:3,1,1,2
BRDA:4,2,0,2
BRDA:4,2,1,0
BRDA:13,3,0,2
BRDA:14,4,0,1
BRDA:14,4,1,2
BRDA:15,5,0,2
BRDA:15,5,1,0
BRDA:22,6,0,1
BRDA:23,7,0,0
BRDA:23,7,1,1
BRDA:28,8,0,2
BRDA:28,8,1,2
BRDA:28,9,0,4
BRDA:28,9,1,2
BRDA:33,10,0,1
BRDA:33,10,1,2
BRDA:34,11,0,2
BRDA:34,11,1,0
BRDA:38,12,0,1
BRDA:38,12,1,1
BRDA:44,13,0,1
BRDA:44,13,1,0
BRDA:45,14,0,0
BRDA:45,14,1,0
BRDA:57,15,0,6
BRDA:57,15,1,1
BRDA:69,16,0,6
BRDA:69,16,1,0
BRDA:73,17,0,1
BRDA:73,17,1,1
BRDA:74,18,0,1
BRDA:74,18,1,0
BRDA:79,19,0,2
BRDA:80,20,0,3
BRDA:80,20,1,1
BRDA:80,21,0,4
BRDA:80,21,1,2
BRDA:85,22,0,1
BRDA:85,22,1,0
BRDA:85,23,0,1
BRDA:85,23,1,1
BRF:44
BRH:34
end_of_record
TN:
SF:src\utils\validators.js
FN:2,(anonymous_0)
FN:6,(anonymous_1)
FN:10,(anonymous_2)
FN:14,(anonymous_3)
FN:18,(anonymous_4)
FN:24,(anonymous_5)
FN:28,(anonymous_6)
FNF:7
FNH:7
FNDA:19,(anonymous_0)
FNDA:5,(anonymous_1)
FNDA:9,(anonymous_2)
FNDA:6,(anonymous_3)
FNDA:9,(anonymous_4)
FNDA:4,(anonymous_5)
FNDA:5,(anonymous_6)
DA:1,1
DA:3,19
DA:7,5
DA:11,9
DA:15,6
DA:19,9
DA:20,7
DA:21,7
DA:25,4
DA:29,5
DA:30,2
DA:34,1
DA:35,1
LF:13
LH:13
BRDA:3,0,0,19
BRDA:3,0,1,16
BRDA:3,0,2,14
BRDA:7,1,0,5
BRDA:7,1,1,3
BRDA:11,2,0,9
BRDA:11,2,1,7
BRDA:11,2,2,4
BRDA:15,3,0,6
BRDA:15,3,1,4
BRDA:19,4,0,2
BRDA:19,4,1,7
BRDA:21,5,0,7
BRDA:21,5,1,6
BRDA:21,5,2,5
BRDA:25,6,0,4
BRDA:25,6,1,2
BRDA:29,7,0,3
BRDA:29,7,1,2
BRDA:34,8,0,1
BRDA:34,8,1,0
BRDA:34,9,0,1
BRDA:34,9,1,1
BRF:23
BRH:22
end_of_record
